ARM GAS  D:\Dev\msys64\tmp\ccvPZCQ7.s 			page 1


   1              		.cpu cortex-m7
   2              		.eabi_attribute 27, 1
   3              		.eabi_attribute 28, 1
   4              		.eabi_attribute 20, 1
   5              		.eabi_attribute 21, 1
   6              		.eabi_attribute 23, 3
   7              		.eabi_attribute 24, 1
   8              		.eabi_attribute 25, 1
   9              		.eabi_attribute 26, 1
  10              		.eabi_attribute 30, 1
  11              		.eabi_attribute 34, 1
  12              		.eabi_attribute 18, 4
  13              		.file	"croutine.c"
  14              		.text
  15              	.Ltext0:
  16              		.cfi_sections	.debug_frame
  17              	.Letext0:
  18              		.file 1 "d:\\dev\\gcc-arm-none-eabi\\9_2019_q4-major\\arm-none-eabi\\include\\machine\\_default_ty
  19              		.file 2 "d:\\dev\\gcc-arm-none-eabi\\9_2019_q4-major\\arm-none-eabi\\include\\sys\\_stdint.h"
  20              		.file 3 "Core/Inc/FreeRTOSConfig.h"
ARM GAS  D:\Dev\msys64\tmp\ccvPZCQ7.s 			page 2


DEFINED SYMBOLS
                            *ABS*:00000000 croutine.c

NO UNDEFINED SYMBOLS
