ARM GAS  D:\Dev\msys64\tmp\ccFmvJxl.s 			page 1


   1              		.cpu cortex-m7
   2              		.eabi_attribute 27, 1
   3              		.eabi_attribute 28, 1
   4              		.eabi_attribute 20, 1
   5              		.eabi_attribute 21, 1
   6              		.eabi_attribute 23, 3
   7              		.eabi_attribute 24, 1
   8              		.eabi_attribute 25, 1
   9              		.eabi_attribute 26, 1
  10              		.eabi_attribute 30, 1
  11              		.eabi_attribute 34, 1
  12              		.eabi_attribute 18, 4
  13              		.file	"icmp.c"
  14              		.text
  15              	.Ltext0:
  16              		.cfi_sections	.debug_frame
  17              		.section	.rodata.icmp_send_response.str1.4,"aMS",%progbits,1
  18              		.align	2
  19              	.LC0:
  20 0000 4D696464 		.ascii	"Middlewares/Third_Party/LwIP/src/core/ipv4/icmp.c\000"
  20      6C657761 
  20      7265732F 
  20      54686972 
  20      645F5061 
  21 0032 0000     		.align	2
  22              	.LC1:
  23 0034 63686563 		.ascii	"check that first pbuf can hold icmp message\000"
  23      6B207468 
  23      61742066 
  23      69727374 
  23      20706275 
  24              		.align	2
  25              	.LC2:
  26 0060 41737365 		.ascii	"Assertion \"%s\" failed at line %d in %s\012\000"
  26      7274696F 
  26      6E202225 
  26      73222066 
  26      61696C65 
  27              		.section	.text.icmp_send_response,"ax",%progbits
  28              		.align	1
  29              		.arch armv7e-m
  30              		.syntax unified
  31              		.thumb
  32              		.thumb_func
  33              		.fpu fpv5-sp-d16
  35              	icmp_send_response:
  36              	.LVL0:
  37              	.LFB28:
  38              		.file 1 "Middlewares/Third_Party/LwIP/src/core/ipv4/icmp.c"
   1:Middlewares/Third_Party/LwIP/src/core/ipv4/icmp.c **** /**
   2:Middlewares/Third_Party/LwIP/src/core/ipv4/icmp.c ****  * @file
   3:Middlewares/Third_Party/LwIP/src/core/ipv4/icmp.c ****  * ICMP - Internet Control Message Protocol
   4:Middlewares/Third_Party/LwIP/src/core/ipv4/icmp.c ****  *
   5:Middlewares/Third_Party/LwIP/src/core/ipv4/icmp.c ****  */
   6:Middlewares/Third_Party/LwIP/src/core/ipv4/icmp.c **** 
   7:Middlewares/Third_Party/LwIP/src/core/ipv4/icmp.c **** /*
   8:Middlewares/Third_Party/LwIP/src/core/ipv4/icmp.c ****  * Copyright (c) 2001-2004 Swedish Institute of Computer Science.
ARM GAS  D:\Dev\msys64\tmp\ccFmvJxl.s 			page 2


   9:Middlewares/Third_Party/LwIP/src/core/ipv4/icmp.c ****  * All rights reserved.
  10:Middlewares/Third_Party/LwIP/src/core/ipv4/icmp.c ****  *
  11:Middlewares/Third_Party/LwIP/src/core/ipv4/icmp.c ****  * Redistribution and use in source and binary forms, with or without modification,
  12:Middlewares/Third_Party/LwIP/src/core/ipv4/icmp.c ****  * are permitted provided that the following conditions are met:
  13:Middlewares/Third_Party/LwIP/src/core/ipv4/icmp.c ****  *
  14:Middlewares/Third_Party/LwIP/src/core/ipv4/icmp.c ****  * 1. Redistributions of source code must retain the above copyright notice,
  15:Middlewares/Third_Party/LwIP/src/core/ipv4/icmp.c ****  *    this list of conditions and the following disclaimer.
  16:Middlewares/Third_Party/LwIP/src/core/ipv4/icmp.c ****  * 2. Redistributions in binary form must reproduce the above copyright notice,
  17:Middlewares/Third_Party/LwIP/src/core/ipv4/icmp.c ****  *    this list of conditions and the following disclaimer in the documentation
  18:Middlewares/Third_Party/LwIP/src/core/ipv4/icmp.c ****  *    and/or other materials provided with the distribution.
  19:Middlewares/Third_Party/LwIP/src/core/ipv4/icmp.c ****  * 3. The name of the author may not be used to endorse or promote products
  20:Middlewares/Third_Party/LwIP/src/core/ipv4/icmp.c ****  *    derived from this software without specific prior written permission.
  21:Middlewares/Third_Party/LwIP/src/core/ipv4/icmp.c ****  *
  22:Middlewares/Third_Party/LwIP/src/core/ipv4/icmp.c ****  * THIS SOFTWARE IS PROVIDED BY THE AUTHOR ``AS IS'' AND ANY EXPRESS OR IMPLIED
  23:Middlewares/Third_Party/LwIP/src/core/ipv4/icmp.c ****  * WARRANTIES, INCLUDING, BUT NOT LIMITED TO, THE IMPLIED WARRANTIES OF
  24:Middlewares/Third_Party/LwIP/src/core/ipv4/icmp.c ****  * MERCHANTABILITY AND FITNESS FOR A PARTICULAR PURPOSE ARE DISCLAIMED. IN NO EVENT
  25:Middlewares/Third_Party/LwIP/src/core/ipv4/icmp.c ****  * SHALL THE AUTHOR BE LIABLE FOR ANY DIRECT, INDIRECT, INCIDENTAL, SPECIAL,
  26:Middlewares/Third_Party/LwIP/src/core/ipv4/icmp.c ****  * EXEMPLARY, OR CONSEQUENTIAL DAMAGES (INCLUDING, BUT NOT LIMITED TO, PROCUREMENT
  27:Middlewares/Third_Party/LwIP/src/core/ipv4/icmp.c ****  * OF SUBSTITUTE GOODS OR SERVICES; LOSS OF USE, DATA, OR PROFITS; OR BUSINESS
  28:Middlewares/Third_Party/LwIP/src/core/ipv4/icmp.c ****  * INTERRUPTION) HOWEVER CAUSED AND ON ANY THEORY OF LIABILITY, WHETHER IN
  29:Middlewares/Third_Party/LwIP/src/core/ipv4/icmp.c ****  * CONTRACT, STRICT LIABILITY, OR TORT (INCLUDING NEGLIGENCE OR OTHERWISE) ARISING
  30:Middlewares/Third_Party/LwIP/src/core/ipv4/icmp.c ****  * IN ANY WAY OUT OF THE USE OF THIS SOFTWARE, EVEN IF ADVISED OF THE POSSIBILITY
  31:Middlewares/Third_Party/LwIP/src/core/ipv4/icmp.c ****  * OF SUCH DAMAGE.
  32:Middlewares/Third_Party/LwIP/src/core/ipv4/icmp.c ****  *
  33:Middlewares/Third_Party/LwIP/src/core/ipv4/icmp.c ****  * This file is part of the lwIP TCP/IP stack.
  34:Middlewares/Third_Party/LwIP/src/core/ipv4/icmp.c ****  *
  35:Middlewares/Third_Party/LwIP/src/core/ipv4/icmp.c ****  * Author: Adam Dunkels <adam@sics.se>
  36:Middlewares/Third_Party/LwIP/src/core/ipv4/icmp.c ****  *
  37:Middlewares/Third_Party/LwIP/src/core/ipv4/icmp.c ****  */
  38:Middlewares/Third_Party/LwIP/src/core/ipv4/icmp.c **** 
  39:Middlewares/Third_Party/LwIP/src/core/ipv4/icmp.c **** /* Some ICMP messages should be passed to the transport protocols. This
  40:Middlewares/Third_Party/LwIP/src/core/ipv4/icmp.c ****    is not implemented. */
  41:Middlewares/Third_Party/LwIP/src/core/ipv4/icmp.c **** 
  42:Middlewares/Third_Party/LwIP/src/core/ipv4/icmp.c **** #include "lwip/opt.h"
  43:Middlewares/Third_Party/LwIP/src/core/ipv4/icmp.c **** 
  44:Middlewares/Third_Party/LwIP/src/core/ipv4/icmp.c **** #if LWIP_IPV4 && LWIP_ICMP /* don't build if not configured for use in lwipopts.h */
  45:Middlewares/Third_Party/LwIP/src/core/ipv4/icmp.c **** 
  46:Middlewares/Third_Party/LwIP/src/core/ipv4/icmp.c **** #include "lwip/icmp.h"
  47:Middlewares/Third_Party/LwIP/src/core/ipv4/icmp.c **** #include "lwip/inet_chksum.h"
  48:Middlewares/Third_Party/LwIP/src/core/ipv4/icmp.c **** #include "lwip/ip.h"
  49:Middlewares/Third_Party/LwIP/src/core/ipv4/icmp.c **** #include "lwip/def.h"
  50:Middlewares/Third_Party/LwIP/src/core/ipv4/icmp.c **** #include "lwip/stats.h"
  51:Middlewares/Third_Party/LwIP/src/core/ipv4/icmp.c **** 
  52:Middlewares/Third_Party/LwIP/src/core/ipv4/icmp.c **** #include <string.h>
  53:Middlewares/Third_Party/LwIP/src/core/ipv4/icmp.c **** 
  54:Middlewares/Third_Party/LwIP/src/core/ipv4/icmp.c **** #ifdef LWIP_HOOK_FILENAME
  55:Middlewares/Third_Party/LwIP/src/core/ipv4/icmp.c **** #include LWIP_HOOK_FILENAME
  56:Middlewares/Third_Party/LwIP/src/core/ipv4/icmp.c **** #endif
  57:Middlewares/Third_Party/LwIP/src/core/ipv4/icmp.c **** 
  58:Middlewares/Third_Party/LwIP/src/core/ipv4/icmp.c **** /** Small optimization: set to 0 if incoming PBUF_POOL pbuf always can be
  59:Middlewares/Third_Party/LwIP/src/core/ipv4/icmp.c ****  * used to modify and send a response packet (and to 1 if this is not the case,
  60:Middlewares/Third_Party/LwIP/src/core/ipv4/icmp.c ****  * e.g. when link header is stripped off when receiving) */
  61:Middlewares/Third_Party/LwIP/src/core/ipv4/icmp.c **** #ifndef LWIP_ICMP_ECHO_CHECK_INPUT_PBUF_LEN
  62:Middlewares/Third_Party/LwIP/src/core/ipv4/icmp.c **** #define LWIP_ICMP_ECHO_CHECK_INPUT_PBUF_LEN 1
  63:Middlewares/Third_Party/LwIP/src/core/ipv4/icmp.c **** #endif /* LWIP_ICMP_ECHO_CHECK_INPUT_PBUF_LEN */
  64:Middlewares/Third_Party/LwIP/src/core/ipv4/icmp.c **** 
  65:Middlewares/Third_Party/LwIP/src/core/ipv4/icmp.c **** /* The amount of data from the original packet to return in a dest-unreachable */
ARM GAS  D:\Dev\msys64\tmp\ccFmvJxl.s 			page 3


  66:Middlewares/Third_Party/LwIP/src/core/ipv4/icmp.c **** #define ICMP_DEST_UNREACH_DATASIZE 8
  67:Middlewares/Third_Party/LwIP/src/core/ipv4/icmp.c **** 
  68:Middlewares/Third_Party/LwIP/src/core/ipv4/icmp.c **** static void icmp_send_response(struct pbuf *p, u8_t type, u8_t code);
  69:Middlewares/Third_Party/LwIP/src/core/ipv4/icmp.c **** 
  70:Middlewares/Third_Party/LwIP/src/core/ipv4/icmp.c **** /**
  71:Middlewares/Third_Party/LwIP/src/core/ipv4/icmp.c ****  * Processes ICMP input packets, called from ip_input().
  72:Middlewares/Third_Party/LwIP/src/core/ipv4/icmp.c ****  *
  73:Middlewares/Third_Party/LwIP/src/core/ipv4/icmp.c ****  * Currently only processes icmp echo requests and sends
  74:Middlewares/Third_Party/LwIP/src/core/ipv4/icmp.c ****  * out the echo response.
  75:Middlewares/Third_Party/LwIP/src/core/ipv4/icmp.c ****  *
  76:Middlewares/Third_Party/LwIP/src/core/ipv4/icmp.c ****  * @param p the icmp echo request packet, p->payload pointing to the icmp header
  77:Middlewares/Third_Party/LwIP/src/core/ipv4/icmp.c ****  * @param inp the netif on which this packet was received
  78:Middlewares/Third_Party/LwIP/src/core/ipv4/icmp.c ****  */
  79:Middlewares/Third_Party/LwIP/src/core/ipv4/icmp.c **** void
  80:Middlewares/Third_Party/LwIP/src/core/ipv4/icmp.c **** icmp_input(struct pbuf *p, struct netif *inp)
  81:Middlewares/Third_Party/LwIP/src/core/ipv4/icmp.c **** {
  82:Middlewares/Third_Party/LwIP/src/core/ipv4/icmp.c ****   u8_t type;
  83:Middlewares/Third_Party/LwIP/src/core/ipv4/icmp.c **** #ifdef LWIP_DEBUG
  84:Middlewares/Third_Party/LwIP/src/core/ipv4/icmp.c ****   u8_t code;
  85:Middlewares/Third_Party/LwIP/src/core/ipv4/icmp.c **** #endif /* LWIP_DEBUG */
  86:Middlewares/Third_Party/LwIP/src/core/ipv4/icmp.c ****   struct icmp_echo_hdr *iecho;
  87:Middlewares/Third_Party/LwIP/src/core/ipv4/icmp.c ****   const struct ip_hdr *iphdr_in;
  88:Middlewares/Third_Party/LwIP/src/core/ipv4/icmp.c ****   u16_t hlen;
  89:Middlewares/Third_Party/LwIP/src/core/ipv4/icmp.c ****   const ip4_addr_t *src;
  90:Middlewares/Third_Party/LwIP/src/core/ipv4/icmp.c **** 
  91:Middlewares/Third_Party/LwIP/src/core/ipv4/icmp.c ****   ICMP_STATS_INC(icmp.recv);
  92:Middlewares/Third_Party/LwIP/src/core/ipv4/icmp.c ****   MIB2_STATS_INC(mib2.icmpinmsgs);
  93:Middlewares/Third_Party/LwIP/src/core/ipv4/icmp.c **** 
  94:Middlewares/Third_Party/LwIP/src/core/ipv4/icmp.c ****   iphdr_in = ip4_current_header();
  95:Middlewares/Third_Party/LwIP/src/core/ipv4/icmp.c ****   hlen = IPH_HL_BYTES(iphdr_in);
  96:Middlewares/Third_Party/LwIP/src/core/ipv4/icmp.c ****   if (hlen < IP_HLEN) {
  97:Middlewares/Third_Party/LwIP/src/core/ipv4/icmp.c ****     LWIP_DEBUGF(ICMP_DEBUG, ("icmp_input: short IP header (%"S16_F" bytes) received\n", hlen));
  98:Middlewares/Third_Party/LwIP/src/core/ipv4/icmp.c ****     goto lenerr;
  99:Middlewares/Third_Party/LwIP/src/core/ipv4/icmp.c ****   }
 100:Middlewares/Third_Party/LwIP/src/core/ipv4/icmp.c ****   if (p->len < sizeof(u16_t) * 2) {
 101:Middlewares/Third_Party/LwIP/src/core/ipv4/icmp.c ****     LWIP_DEBUGF(ICMP_DEBUG, ("icmp_input: short ICMP (%"U16_F" bytes) received\n", p->tot_len));
 102:Middlewares/Third_Party/LwIP/src/core/ipv4/icmp.c ****     goto lenerr;
 103:Middlewares/Third_Party/LwIP/src/core/ipv4/icmp.c ****   }
 104:Middlewares/Third_Party/LwIP/src/core/ipv4/icmp.c **** 
 105:Middlewares/Third_Party/LwIP/src/core/ipv4/icmp.c ****   type = *((u8_t *)p->payload);
 106:Middlewares/Third_Party/LwIP/src/core/ipv4/icmp.c **** #ifdef LWIP_DEBUG
 107:Middlewares/Third_Party/LwIP/src/core/ipv4/icmp.c ****   code = *(((u8_t *)p->payload) + 1);
 108:Middlewares/Third_Party/LwIP/src/core/ipv4/icmp.c ****   /* if debug is enabled but debug statement below is somehow disabled: */
 109:Middlewares/Third_Party/LwIP/src/core/ipv4/icmp.c ****   LWIP_UNUSED_ARG(code);
 110:Middlewares/Third_Party/LwIP/src/core/ipv4/icmp.c **** #endif /* LWIP_DEBUG */
 111:Middlewares/Third_Party/LwIP/src/core/ipv4/icmp.c ****   switch (type) {
 112:Middlewares/Third_Party/LwIP/src/core/ipv4/icmp.c ****     case ICMP_ER:
 113:Middlewares/Third_Party/LwIP/src/core/ipv4/icmp.c ****       /* This is OK, echo reply might have been parsed by a raw PCB
 114:Middlewares/Third_Party/LwIP/src/core/ipv4/icmp.c ****          (as obviously, an echo request has been sent, too). */
 115:Middlewares/Third_Party/LwIP/src/core/ipv4/icmp.c ****       MIB2_STATS_INC(mib2.icmpinechoreps);
 116:Middlewares/Third_Party/LwIP/src/core/ipv4/icmp.c ****       break;
 117:Middlewares/Third_Party/LwIP/src/core/ipv4/icmp.c ****     case ICMP_ECHO:
 118:Middlewares/Third_Party/LwIP/src/core/ipv4/icmp.c ****       MIB2_STATS_INC(mib2.icmpinechos);
 119:Middlewares/Third_Party/LwIP/src/core/ipv4/icmp.c ****       src = ip4_current_dest_addr();
 120:Middlewares/Third_Party/LwIP/src/core/ipv4/icmp.c ****       /* multicast destination address? */
 121:Middlewares/Third_Party/LwIP/src/core/ipv4/icmp.c ****       if (ip4_addr_ismulticast(ip4_current_dest_addr())) {
 122:Middlewares/Third_Party/LwIP/src/core/ipv4/icmp.c **** #if LWIP_MULTICAST_PING
ARM GAS  D:\Dev\msys64\tmp\ccFmvJxl.s 			page 4


 123:Middlewares/Third_Party/LwIP/src/core/ipv4/icmp.c ****         /* For multicast, use address of receiving interface as source address */
 124:Middlewares/Third_Party/LwIP/src/core/ipv4/icmp.c ****         src = netif_ip4_addr(inp);
 125:Middlewares/Third_Party/LwIP/src/core/ipv4/icmp.c **** #else /* LWIP_MULTICAST_PING */
 126:Middlewares/Third_Party/LwIP/src/core/ipv4/icmp.c ****         LWIP_DEBUGF(ICMP_DEBUG, ("icmp_input: Not echoing to multicast pings\n"));
 127:Middlewares/Third_Party/LwIP/src/core/ipv4/icmp.c ****         goto icmperr;
 128:Middlewares/Third_Party/LwIP/src/core/ipv4/icmp.c **** #endif /* LWIP_MULTICAST_PING */
 129:Middlewares/Third_Party/LwIP/src/core/ipv4/icmp.c ****       }
 130:Middlewares/Third_Party/LwIP/src/core/ipv4/icmp.c ****       /* broadcast destination address? */
 131:Middlewares/Third_Party/LwIP/src/core/ipv4/icmp.c ****       if (ip4_addr_isbroadcast(ip4_current_dest_addr(), ip_current_netif())) {
 132:Middlewares/Third_Party/LwIP/src/core/ipv4/icmp.c **** #if LWIP_BROADCAST_PING
 133:Middlewares/Third_Party/LwIP/src/core/ipv4/icmp.c ****         /* For broadcast, use address of receiving interface as source address */
 134:Middlewares/Third_Party/LwIP/src/core/ipv4/icmp.c ****         src = netif_ip4_addr(inp);
 135:Middlewares/Third_Party/LwIP/src/core/ipv4/icmp.c **** #else /* LWIP_BROADCAST_PING */
 136:Middlewares/Third_Party/LwIP/src/core/ipv4/icmp.c ****         LWIP_DEBUGF(ICMP_DEBUG, ("icmp_input: Not echoing to broadcast pings\n"));
 137:Middlewares/Third_Party/LwIP/src/core/ipv4/icmp.c ****         goto icmperr;
 138:Middlewares/Third_Party/LwIP/src/core/ipv4/icmp.c **** #endif /* LWIP_BROADCAST_PING */
 139:Middlewares/Third_Party/LwIP/src/core/ipv4/icmp.c ****       }
 140:Middlewares/Third_Party/LwIP/src/core/ipv4/icmp.c ****       LWIP_DEBUGF(ICMP_DEBUG, ("icmp_input: ping\n"));
 141:Middlewares/Third_Party/LwIP/src/core/ipv4/icmp.c ****       if (p->tot_len < sizeof(struct icmp_echo_hdr)) {
 142:Middlewares/Third_Party/LwIP/src/core/ipv4/icmp.c ****         LWIP_DEBUGF(ICMP_DEBUG, ("icmp_input: bad ICMP echo received\n"));
 143:Middlewares/Third_Party/LwIP/src/core/ipv4/icmp.c ****         goto lenerr;
 144:Middlewares/Third_Party/LwIP/src/core/ipv4/icmp.c ****       }
 145:Middlewares/Third_Party/LwIP/src/core/ipv4/icmp.c **** #if CHECKSUM_CHECK_ICMP
 146:Middlewares/Third_Party/LwIP/src/core/ipv4/icmp.c ****       IF__NETIF_CHECKSUM_ENABLED(inp, NETIF_CHECKSUM_CHECK_ICMP) {
 147:Middlewares/Third_Party/LwIP/src/core/ipv4/icmp.c ****         if (inet_chksum_pbuf(p) != 0) {
 148:Middlewares/Third_Party/LwIP/src/core/ipv4/icmp.c ****           LWIP_DEBUGF(ICMP_DEBUG, ("icmp_input: checksum failed for received ICMP echo\n"));
 149:Middlewares/Third_Party/LwIP/src/core/ipv4/icmp.c ****           pbuf_free(p);
 150:Middlewares/Third_Party/LwIP/src/core/ipv4/icmp.c ****           ICMP_STATS_INC(icmp.chkerr);
 151:Middlewares/Third_Party/LwIP/src/core/ipv4/icmp.c ****           MIB2_STATS_INC(mib2.icmpinerrors);
 152:Middlewares/Third_Party/LwIP/src/core/ipv4/icmp.c ****           return;
 153:Middlewares/Third_Party/LwIP/src/core/ipv4/icmp.c ****         }
 154:Middlewares/Third_Party/LwIP/src/core/ipv4/icmp.c ****       }
 155:Middlewares/Third_Party/LwIP/src/core/ipv4/icmp.c **** #endif
 156:Middlewares/Third_Party/LwIP/src/core/ipv4/icmp.c **** #if LWIP_ICMP_ECHO_CHECK_INPUT_PBUF_LEN
 157:Middlewares/Third_Party/LwIP/src/core/ipv4/icmp.c ****       if (pbuf_add_header(p, hlen + PBUF_LINK_HLEN + PBUF_LINK_ENCAPSULATION_HLEN)) {
 158:Middlewares/Third_Party/LwIP/src/core/ipv4/icmp.c ****         /* p is not big enough to contain link headers
 159:Middlewares/Third_Party/LwIP/src/core/ipv4/icmp.c ****          * allocate a new one and copy p into it
 160:Middlewares/Third_Party/LwIP/src/core/ipv4/icmp.c ****          */
 161:Middlewares/Third_Party/LwIP/src/core/ipv4/icmp.c ****         struct pbuf *r;
 162:Middlewares/Third_Party/LwIP/src/core/ipv4/icmp.c ****         u16_t alloc_len = (u16_t)(p->tot_len + hlen);
 163:Middlewares/Third_Party/LwIP/src/core/ipv4/icmp.c ****         if (alloc_len < p->tot_len) {
 164:Middlewares/Third_Party/LwIP/src/core/ipv4/icmp.c ****           LWIP_DEBUGF(ICMP_DEBUG, ("icmp_input: allocating new pbuf failed (tot_len overflow)\n"));
 165:Middlewares/Third_Party/LwIP/src/core/ipv4/icmp.c ****           goto icmperr;
 166:Middlewares/Third_Party/LwIP/src/core/ipv4/icmp.c ****         }
 167:Middlewares/Third_Party/LwIP/src/core/ipv4/icmp.c ****         /* allocate new packet buffer with space for link headers */
 168:Middlewares/Third_Party/LwIP/src/core/ipv4/icmp.c ****         r = pbuf_alloc(PBUF_LINK, alloc_len, PBUF_RAM);
 169:Middlewares/Third_Party/LwIP/src/core/ipv4/icmp.c ****         if (r == NULL) {
 170:Middlewares/Third_Party/LwIP/src/core/ipv4/icmp.c ****           LWIP_DEBUGF(ICMP_DEBUG, ("icmp_input: allocating new pbuf failed\n"));
 171:Middlewares/Third_Party/LwIP/src/core/ipv4/icmp.c ****           goto icmperr;
 172:Middlewares/Third_Party/LwIP/src/core/ipv4/icmp.c ****         }
 173:Middlewares/Third_Party/LwIP/src/core/ipv4/icmp.c ****         if (r->len < hlen + sizeof(struct icmp_echo_hdr)) {
 174:Middlewares/Third_Party/LwIP/src/core/ipv4/icmp.c ****           LWIP_DEBUGF(ICMP_DEBUG | LWIP_DBG_LEVEL_SERIOUS, ("first pbuf cannot hold the ICMP header
 175:Middlewares/Third_Party/LwIP/src/core/ipv4/icmp.c ****           pbuf_free(r);
 176:Middlewares/Third_Party/LwIP/src/core/ipv4/icmp.c ****           goto icmperr;
 177:Middlewares/Third_Party/LwIP/src/core/ipv4/icmp.c ****         }
 178:Middlewares/Third_Party/LwIP/src/core/ipv4/icmp.c ****         /* copy the ip header */
 179:Middlewares/Third_Party/LwIP/src/core/ipv4/icmp.c ****         MEMCPY(r->payload, iphdr_in, hlen);
ARM GAS  D:\Dev\msys64\tmp\ccFmvJxl.s 			page 5


 180:Middlewares/Third_Party/LwIP/src/core/ipv4/icmp.c ****         /* switch r->payload back to icmp header (cannot fail) */
 181:Middlewares/Third_Party/LwIP/src/core/ipv4/icmp.c ****         if (pbuf_remove_header(r, hlen)) {
 182:Middlewares/Third_Party/LwIP/src/core/ipv4/icmp.c ****           LWIP_ASSERT("icmp_input: moving r->payload to icmp header failed\n", 0);
 183:Middlewares/Third_Party/LwIP/src/core/ipv4/icmp.c ****           pbuf_free(r);
 184:Middlewares/Third_Party/LwIP/src/core/ipv4/icmp.c ****           goto icmperr;
 185:Middlewares/Third_Party/LwIP/src/core/ipv4/icmp.c ****         }
 186:Middlewares/Third_Party/LwIP/src/core/ipv4/icmp.c ****         /* copy the rest of the packet without ip header */
 187:Middlewares/Third_Party/LwIP/src/core/ipv4/icmp.c ****         if (pbuf_copy(r, p) != ERR_OK) {
 188:Middlewares/Third_Party/LwIP/src/core/ipv4/icmp.c ****           LWIP_DEBUGF(ICMP_DEBUG | LWIP_DBG_LEVEL_SERIOUS, ("icmp_input: copying to new pbuf failed
 189:Middlewares/Third_Party/LwIP/src/core/ipv4/icmp.c ****           pbuf_free(r);
 190:Middlewares/Third_Party/LwIP/src/core/ipv4/icmp.c ****           goto icmperr;
 191:Middlewares/Third_Party/LwIP/src/core/ipv4/icmp.c ****         }
 192:Middlewares/Third_Party/LwIP/src/core/ipv4/icmp.c ****         /* free the original p */
 193:Middlewares/Third_Party/LwIP/src/core/ipv4/icmp.c ****         pbuf_free(p);
 194:Middlewares/Third_Party/LwIP/src/core/ipv4/icmp.c ****         /* we now have an identical copy of p that has room for link headers */
 195:Middlewares/Third_Party/LwIP/src/core/ipv4/icmp.c ****         p = r;
 196:Middlewares/Third_Party/LwIP/src/core/ipv4/icmp.c ****       } else {
 197:Middlewares/Third_Party/LwIP/src/core/ipv4/icmp.c ****         /* restore p->payload to point to icmp header (cannot fail) */
 198:Middlewares/Third_Party/LwIP/src/core/ipv4/icmp.c ****         if (pbuf_remove_header(p, hlen + PBUF_LINK_HLEN + PBUF_LINK_ENCAPSULATION_HLEN)) {
 199:Middlewares/Third_Party/LwIP/src/core/ipv4/icmp.c ****           LWIP_ASSERT("icmp_input: restoring original p->payload failed\n", 0);
 200:Middlewares/Third_Party/LwIP/src/core/ipv4/icmp.c ****           goto icmperr;
 201:Middlewares/Third_Party/LwIP/src/core/ipv4/icmp.c ****         }
 202:Middlewares/Third_Party/LwIP/src/core/ipv4/icmp.c ****       }
 203:Middlewares/Third_Party/LwIP/src/core/ipv4/icmp.c **** #endif /* LWIP_ICMP_ECHO_CHECK_INPUT_PBUF_LEN */
 204:Middlewares/Third_Party/LwIP/src/core/ipv4/icmp.c ****       /* At this point, all checks are OK. */
 205:Middlewares/Third_Party/LwIP/src/core/ipv4/icmp.c ****       /* We generate an answer by switching the dest and src ip addresses,
 206:Middlewares/Third_Party/LwIP/src/core/ipv4/icmp.c ****        * setting the icmp type to ECHO_RESPONSE and updating the checksum. */
 207:Middlewares/Third_Party/LwIP/src/core/ipv4/icmp.c ****       iecho = (struct icmp_echo_hdr *)p->payload;
 208:Middlewares/Third_Party/LwIP/src/core/ipv4/icmp.c ****       if (pbuf_add_header(p, hlen)) {
 209:Middlewares/Third_Party/LwIP/src/core/ipv4/icmp.c ****         LWIP_DEBUGF(ICMP_DEBUG | LWIP_DBG_LEVEL_SERIOUS, ("Can't move over header in packet"));
 210:Middlewares/Third_Party/LwIP/src/core/ipv4/icmp.c ****       } else {
 211:Middlewares/Third_Party/LwIP/src/core/ipv4/icmp.c ****         err_t ret;
 212:Middlewares/Third_Party/LwIP/src/core/ipv4/icmp.c ****         struct ip_hdr *iphdr = (struct ip_hdr *)p->payload;
 213:Middlewares/Third_Party/LwIP/src/core/ipv4/icmp.c ****         ip4_addr_copy(iphdr->src, *src);
 214:Middlewares/Third_Party/LwIP/src/core/ipv4/icmp.c ****         ip4_addr_copy(iphdr->dest, *ip4_current_src_addr());
 215:Middlewares/Third_Party/LwIP/src/core/ipv4/icmp.c ****         ICMPH_TYPE_SET(iecho, ICMP_ER);
 216:Middlewares/Third_Party/LwIP/src/core/ipv4/icmp.c **** #if CHECKSUM_GEN_ICMP
 217:Middlewares/Third_Party/LwIP/src/core/ipv4/icmp.c ****         IF__NETIF_CHECKSUM_ENABLED(inp, NETIF_CHECKSUM_GEN_ICMP) {
 218:Middlewares/Third_Party/LwIP/src/core/ipv4/icmp.c ****           /* adjust the checksum */
 219:Middlewares/Third_Party/LwIP/src/core/ipv4/icmp.c ****           if (iecho->chksum > PP_HTONS(0xffffU - (ICMP_ECHO << 8))) {
 220:Middlewares/Third_Party/LwIP/src/core/ipv4/icmp.c ****             iecho->chksum = (u16_t)(iecho->chksum + PP_HTONS((u16_t)(ICMP_ECHO << 8)) + 1);
 221:Middlewares/Third_Party/LwIP/src/core/ipv4/icmp.c ****           } else {
 222:Middlewares/Third_Party/LwIP/src/core/ipv4/icmp.c ****             iecho->chksum = (u16_t)(iecho->chksum + PP_HTONS(ICMP_ECHO << 8));
 223:Middlewares/Third_Party/LwIP/src/core/ipv4/icmp.c ****           }
 224:Middlewares/Third_Party/LwIP/src/core/ipv4/icmp.c ****         }
 225:Middlewares/Third_Party/LwIP/src/core/ipv4/icmp.c **** #if LWIP_CHECKSUM_CTRL_PER_NETIF
 226:Middlewares/Third_Party/LwIP/src/core/ipv4/icmp.c ****         else {
 227:Middlewares/Third_Party/LwIP/src/core/ipv4/icmp.c ****           iecho->chksum = 0;
 228:Middlewares/Third_Party/LwIP/src/core/ipv4/icmp.c ****         }
 229:Middlewares/Third_Party/LwIP/src/core/ipv4/icmp.c **** #endif /* LWIP_CHECKSUM_CTRL_PER_NETIF */
 230:Middlewares/Third_Party/LwIP/src/core/ipv4/icmp.c **** #else /* CHECKSUM_GEN_ICMP */
 231:Middlewares/Third_Party/LwIP/src/core/ipv4/icmp.c ****         iecho->chksum = 0;
 232:Middlewares/Third_Party/LwIP/src/core/ipv4/icmp.c **** #endif /* CHECKSUM_GEN_ICMP */
 233:Middlewares/Third_Party/LwIP/src/core/ipv4/icmp.c **** 
 234:Middlewares/Third_Party/LwIP/src/core/ipv4/icmp.c ****         /* Set the correct TTL and recalculate the header checksum. */
 235:Middlewares/Third_Party/LwIP/src/core/ipv4/icmp.c ****         IPH_TTL_SET(iphdr, ICMP_TTL);
 236:Middlewares/Third_Party/LwIP/src/core/ipv4/icmp.c ****         IPH_CHKSUM_SET(iphdr, 0);
ARM GAS  D:\Dev\msys64\tmp\ccFmvJxl.s 			page 6


 237:Middlewares/Third_Party/LwIP/src/core/ipv4/icmp.c **** #if CHECKSUM_GEN_IP
 238:Middlewares/Third_Party/LwIP/src/core/ipv4/icmp.c ****         IF__NETIF_CHECKSUM_ENABLED(inp, NETIF_CHECKSUM_GEN_IP) {
 239:Middlewares/Third_Party/LwIP/src/core/ipv4/icmp.c ****           IPH_CHKSUM_SET(iphdr, inet_chksum(iphdr, hlen));
 240:Middlewares/Third_Party/LwIP/src/core/ipv4/icmp.c ****         }
 241:Middlewares/Third_Party/LwIP/src/core/ipv4/icmp.c **** #endif /* CHECKSUM_GEN_IP */
 242:Middlewares/Third_Party/LwIP/src/core/ipv4/icmp.c **** 
 243:Middlewares/Third_Party/LwIP/src/core/ipv4/icmp.c ****         ICMP_STATS_INC(icmp.xmit);
 244:Middlewares/Third_Party/LwIP/src/core/ipv4/icmp.c ****         /* increase number of messages attempted to send */
 245:Middlewares/Third_Party/LwIP/src/core/ipv4/icmp.c ****         MIB2_STATS_INC(mib2.icmpoutmsgs);
 246:Middlewares/Third_Party/LwIP/src/core/ipv4/icmp.c ****         /* increase number of echo replies attempted to send */
 247:Middlewares/Third_Party/LwIP/src/core/ipv4/icmp.c ****         MIB2_STATS_INC(mib2.icmpoutechoreps);
 248:Middlewares/Third_Party/LwIP/src/core/ipv4/icmp.c **** 
 249:Middlewares/Third_Party/LwIP/src/core/ipv4/icmp.c ****         /* send an ICMP packet */
 250:Middlewares/Third_Party/LwIP/src/core/ipv4/icmp.c ****         ret = ip4_output_if(p, src, LWIP_IP_HDRINCL,
 251:Middlewares/Third_Party/LwIP/src/core/ipv4/icmp.c ****                             ICMP_TTL, 0, IP_PROTO_ICMP, inp);
 252:Middlewares/Third_Party/LwIP/src/core/ipv4/icmp.c ****         if (ret != ERR_OK) {
 253:Middlewares/Third_Party/LwIP/src/core/ipv4/icmp.c ****           LWIP_DEBUGF(ICMP_DEBUG, ("icmp_input: ip_output_if returned an error: %s\n", lwip_strerr(
 254:Middlewares/Third_Party/LwIP/src/core/ipv4/icmp.c ****         }
 255:Middlewares/Third_Party/LwIP/src/core/ipv4/icmp.c ****       }
 256:Middlewares/Third_Party/LwIP/src/core/ipv4/icmp.c ****       break;
 257:Middlewares/Third_Party/LwIP/src/core/ipv4/icmp.c ****     default:
 258:Middlewares/Third_Party/LwIP/src/core/ipv4/icmp.c ****       if (type == ICMP_DUR) {
 259:Middlewares/Third_Party/LwIP/src/core/ipv4/icmp.c ****         MIB2_STATS_INC(mib2.icmpindestunreachs);
 260:Middlewares/Third_Party/LwIP/src/core/ipv4/icmp.c ****       } else if (type == ICMP_TE) {
 261:Middlewares/Third_Party/LwIP/src/core/ipv4/icmp.c ****         MIB2_STATS_INC(mib2.icmpintimeexcds);
 262:Middlewares/Third_Party/LwIP/src/core/ipv4/icmp.c ****       } else if (type == ICMP_PP) {
 263:Middlewares/Third_Party/LwIP/src/core/ipv4/icmp.c ****         MIB2_STATS_INC(mib2.icmpinparmprobs);
 264:Middlewares/Third_Party/LwIP/src/core/ipv4/icmp.c ****       } else if (type == ICMP_SQ) {
 265:Middlewares/Third_Party/LwIP/src/core/ipv4/icmp.c ****         MIB2_STATS_INC(mib2.icmpinsrcquenchs);
 266:Middlewares/Third_Party/LwIP/src/core/ipv4/icmp.c ****       } else if (type == ICMP_RD) {
 267:Middlewares/Third_Party/LwIP/src/core/ipv4/icmp.c ****         MIB2_STATS_INC(mib2.icmpinredirects);
 268:Middlewares/Third_Party/LwIP/src/core/ipv4/icmp.c ****       } else if (type == ICMP_TS) {
 269:Middlewares/Third_Party/LwIP/src/core/ipv4/icmp.c ****         MIB2_STATS_INC(mib2.icmpintimestamps);
 270:Middlewares/Third_Party/LwIP/src/core/ipv4/icmp.c ****       } else if (type == ICMP_TSR) {
 271:Middlewares/Third_Party/LwIP/src/core/ipv4/icmp.c ****         MIB2_STATS_INC(mib2.icmpintimestampreps);
 272:Middlewares/Third_Party/LwIP/src/core/ipv4/icmp.c ****       } else if (type == ICMP_AM) {
 273:Middlewares/Third_Party/LwIP/src/core/ipv4/icmp.c ****         MIB2_STATS_INC(mib2.icmpinaddrmasks);
 274:Middlewares/Third_Party/LwIP/src/core/ipv4/icmp.c ****       } else if (type == ICMP_AMR) {
 275:Middlewares/Third_Party/LwIP/src/core/ipv4/icmp.c ****         MIB2_STATS_INC(mib2.icmpinaddrmaskreps);
 276:Middlewares/Third_Party/LwIP/src/core/ipv4/icmp.c ****       }
 277:Middlewares/Third_Party/LwIP/src/core/ipv4/icmp.c ****       LWIP_DEBUGF(ICMP_DEBUG, ("icmp_input: ICMP type %"S16_F" code %"S16_F" not supported.\n",
 278:Middlewares/Third_Party/LwIP/src/core/ipv4/icmp.c ****                                (s16_t)type, (s16_t)code));
 279:Middlewares/Third_Party/LwIP/src/core/ipv4/icmp.c ****       ICMP_STATS_INC(icmp.proterr);
 280:Middlewares/Third_Party/LwIP/src/core/ipv4/icmp.c ****       ICMP_STATS_INC(icmp.drop);
 281:Middlewares/Third_Party/LwIP/src/core/ipv4/icmp.c ****   }
 282:Middlewares/Third_Party/LwIP/src/core/ipv4/icmp.c ****   pbuf_free(p);
 283:Middlewares/Third_Party/LwIP/src/core/ipv4/icmp.c ****   return;
 284:Middlewares/Third_Party/LwIP/src/core/ipv4/icmp.c **** lenerr:
 285:Middlewares/Third_Party/LwIP/src/core/ipv4/icmp.c ****   pbuf_free(p);
 286:Middlewares/Third_Party/LwIP/src/core/ipv4/icmp.c ****   ICMP_STATS_INC(icmp.lenerr);
 287:Middlewares/Third_Party/LwIP/src/core/ipv4/icmp.c ****   MIB2_STATS_INC(mib2.icmpinerrors);
 288:Middlewares/Third_Party/LwIP/src/core/ipv4/icmp.c ****   return;
 289:Middlewares/Third_Party/LwIP/src/core/ipv4/icmp.c **** #if LWIP_ICMP_ECHO_CHECK_INPUT_PBUF_LEN || !LWIP_MULTICAST_PING || !LWIP_BROADCAST_PING
 290:Middlewares/Third_Party/LwIP/src/core/ipv4/icmp.c **** icmperr:
 291:Middlewares/Third_Party/LwIP/src/core/ipv4/icmp.c ****   pbuf_free(p);
 292:Middlewares/Third_Party/LwIP/src/core/ipv4/icmp.c ****   ICMP_STATS_INC(icmp.err);
 293:Middlewares/Third_Party/LwIP/src/core/ipv4/icmp.c ****   MIB2_STATS_INC(mib2.icmpinerrors);
ARM GAS  D:\Dev\msys64\tmp\ccFmvJxl.s 			page 7


 294:Middlewares/Third_Party/LwIP/src/core/ipv4/icmp.c ****   return;
 295:Middlewares/Third_Party/LwIP/src/core/ipv4/icmp.c **** #endif /* LWIP_ICMP_ECHO_CHECK_INPUT_PBUF_LEN || !LWIP_MULTICAST_PING || !LWIP_BROADCAST_PING */
 296:Middlewares/Third_Party/LwIP/src/core/ipv4/icmp.c **** }
 297:Middlewares/Third_Party/LwIP/src/core/ipv4/icmp.c **** 
 298:Middlewares/Third_Party/LwIP/src/core/ipv4/icmp.c **** /**
 299:Middlewares/Third_Party/LwIP/src/core/ipv4/icmp.c ****  * Send an icmp 'destination unreachable' packet, called from ip_input() if
 300:Middlewares/Third_Party/LwIP/src/core/ipv4/icmp.c ****  * the transport layer protocol is unknown and from udp_input() if the local
 301:Middlewares/Third_Party/LwIP/src/core/ipv4/icmp.c ****  * port is not bound.
 302:Middlewares/Third_Party/LwIP/src/core/ipv4/icmp.c ****  *
 303:Middlewares/Third_Party/LwIP/src/core/ipv4/icmp.c ****  * @param p the input packet for which the 'unreachable' should be sent,
 304:Middlewares/Third_Party/LwIP/src/core/ipv4/icmp.c ****  *          p->payload pointing to the IP header
 305:Middlewares/Third_Party/LwIP/src/core/ipv4/icmp.c ****  * @param t type of the 'unreachable' packet
 306:Middlewares/Third_Party/LwIP/src/core/ipv4/icmp.c ****  */
 307:Middlewares/Third_Party/LwIP/src/core/ipv4/icmp.c **** void
 308:Middlewares/Third_Party/LwIP/src/core/ipv4/icmp.c **** icmp_dest_unreach(struct pbuf *p, enum icmp_dur_type t)
 309:Middlewares/Third_Party/LwIP/src/core/ipv4/icmp.c **** {
 310:Middlewares/Third_Party/LwIP/src/core/ipv4/icmp.c ****   MIB2_STATS_INC(mib2.icmpoutdestunreachs);
 311:Middlewares/Third_Party/LwIP/src/core/ipv4/icmp.c ****   icmp_send_response(p, ICMP_DUR, t);
 312:Middlewares/Third_Party/LwIP/src/core/ipv4/icmp.c **** }
 313:Middlewares/Third_Party/LwIP/src/core/ipv4/icmp.c **** 
 314:Middlewares/Third_Party/LwIP/src/core/ipv4/icmp.c **** #if IP_FORWARD || IP_REASSEMBLY
 315:Middlewares/Third_Party/LwIP/src/core/ipv4/icmp.c **** /**
 316:Middlewares/Third_Party/LwIP/src/core/ipv4/icmp.c ****  * Send a 'time exceeded' packet, called from ip_forward() if TTL is 0.
 317:Middlewares/Third_Party/LwIP/src/core/ipv4/icmp.c ****  *
 318:Middlewares/Third_Party/LwIP/src/core/ipv4/icmp.c ****  * @param p the input packet for which the 'time exceeded' should be sent,
 319:Middlewares/Third_Party/LwIP/src/core/ipv4/icmp.c ****  *          p->payload pointing to the IP header
 320:Middlewares/Third_Party/LwIP/src/core/ipv4/icmp.c ****  * @param t type of the 'time exceeded' packet
 321:Middlewares/Third_Party/LwIP/src/core/ipv4/icmp.c ****  */
 322:Middlewares/Third_Party/LwIP/src/core/ipv4/icmp.c **** void
 323:Middlewares/Third_Party/LwIP/src/core/ipv4/icmp.c **** icmp_time_exceeded(struct pbuf *p, enum icmp_te_type t)
 324:Middlewares/Third_Party/LwIP/src/core/ipv4/icmp.c **** {
 325:Middlewares/Third_Party/LwIP/src/core/ipv4/icmp.c ****   MIB2_STATS_INC(mib2.icmpouttimeexcds);
 326:Middlewares/Third_Party/LwIP/src/core/ipv4/icmp.c ****   icmp_send_response(p, ICMP_TE, t);
 327:Middlewares/Third_Party/LwIP/src/core/ipv4/icmp.c **** }
 328:Middlewares/Third_Party/LwIP/src/core/ipv4/icmp.c **** 
 329:Middlewares/Third_Party/LwIP/src/core/ipv4/icmp.c **** #endif /* IP_FORWARD || IP_REASSEMBLY */
 330:Middlewares/Third_Party/LwIP/src/core/ipv4/icmp.c **** 
 331:Middlewares/Third_Party/LwIP/src/core/ipv4/icmp.c **** /**
 332:Middlewares/Third_Party/LwIP/src/core/ipv4/icmp.c ****  * Send an icmp packet in response to an incoming packet.
 333:Middlewares/Third_Party/LwIP/src/core/ipv4/icmp.c ****  *
 334:Middlewares/Third_Party/LwIP/src/core/ipv4/icmp.c ****  * @param p the input packet for which the 'unreachable' should be sent,
 335:Middlewares/Third_Party/LwIP/src/core/ipv4/icmp.c ****  *          p->payload pointing to the IP header
 336:Middlewares/Third_Party/LwIP/src/core/ipv4/icmp.c ****  * @param type Type of the ICMP header
 337:Middlewares/Third_Party/LwIP/src/core/ipv4/icmp.c ****  * @param code Code of the ICMP header
 338:Middlewares/Third_Party/LwIP/src/core/ipv4/icmp.c ****  */
 339:Middlewares/Third_Party/LwIP/src/core/ipv4/icmp.c **** static void
 340:Middlewares/Third_Party/LwIP/src/core/ipv4/icmp.c **** icmp_send_response(struct pbuf *p, u8_t type, u8_t code)
 341:Middlewares/Third_Party/LwIP/src/core/ipv4/icmp.c **** {
  39              		.loc 1 341 1 view -0
  40              		.cfi_startproc
  41              		@ args = 0, pretend = 0, frame = 8
  42              		@ frame_needed = 0, uses_anonymous_args = 0
  43              		.loc 1 341 1 is_stmt 0 view .LVU1
  44 0000 2DE9F041 		push	{r4, r5, r6, r7, r8, lr}
  45              	.LCFI0:
  46              		.cfi_def_cfa_offset 24
  47              		.cfi_offset 4, -24
ARM GAS  D:\Dev\msys64\tmp\ccFmvJxl.s 			page 8


  48              		.cfi_offset 5, -20
  49              		.cfi_offset 6, -16
  50              		.cfi_offset 7, -12
  51              		.cfi_offset 8, -8
  52              		.cfi_offset 14, -4
  53 0004 86B0     		sub	sp, sp, #24
  54              	.LCFI1:
  55              		.cfi_def_cfa_offset 48
  56 0006 0646     		mov	r6, r0
  57 0008 8846     		mov	r8, r1
  58 000a 1746     		mov	r7, r2
 342:Middlewares/Third_Party/LwIP/src/core/ipv4/icmp.c ****   struct pbuf *q;
  59              		.loc 1 342 3 is_stmt 1 view .LVU2
 343:Middlewares/Third_Party/LwIP/src/core/ipv4/icmp.c ****   struct ip_hdr *iphdr;
  60              		.loc 1 343 3 view .LVU3
 344:Middlewares/Third_Party/LwIP/src/core/ipv4/icmp.c ****   /* we can use the echo header here */
 345:Middlewares/Third_Party/LwIP/src/core/ipv4/icmp.c ****   struct icmp_echo_hdr *icmphdr;
  61              		.loc 1 345 3 view .LVU4
 346:Middlewares/Third_Party/LwIP/src/core/ipv4/icmp.c ****   ip4_addr_t iphdr_src;
  62              		.loc 1 346 3 view .LVU5
 347:Middlewares/Third_Party/LwIP/src/core/ipv4/icmp.c ****   struct netif *netif;
  63              		.loc 1 347 3 view .LVU6
 348:Middlewares/Third_Party/LwIP/src/core/ipv4/icmp.c **** 
 349:Middlewares/Third_Party/LwIP/src/core/ipv4/icmp.c ****   /* increase number of messages attempted to send */
 350:Middlewares/Third_Party/LwIP/src/core/ipv4/icmp.c ****   MIB2_STATS_INC(mib2.icmpoutmsgs);
  64              		.loc 1 350 35 view .LVU7
 351:Middlewares/Third_Party/LwIP/src/core/ipv4/icmp.c **** 
 352:Middlewares/Third_Party/LwIP/src/core/ipv4/icmp.c ****   /* ICMP header + IP header + 8 bytes of data */
 353:Middlewares/Third_Party/LwIP/src/core/ipv4/icmp.c ****   q = pbuf_alloc(PBUF_IP, sizeof(struct icmp_echo_hdr) + IP_HLEN + ICMP_DEST_UNREACH_DATASIZE,
  65              		.loc 1 353 3 view .LVU8
  66              		.loc 1 353 7 is_stmt 0 view .LVU9
  67 000c 4FF42072 		mov	r2, #640
  68              	.LVL1:
  69              		.loc 1 353 7 view .LVU10
  70 0010 2421     		movs	r1, #36
  71              	.LVL2:
  72              		.loc 1 353 7 view .LVU11
  73 0012 2220     		movs	r0, #34
  74              	.LVL3:
  75              		.loc 1 353 7 view .LVU12
  76 0014 FFF7FEFF 		bl	pbuf_alloc
  77              	.LVL4:
 354:Middlewares/Third_Party/LwIP/src/core/ipv4/icmp.c ****                  PBUF_RAM);
 355:Middlewares/Third_Party/LwIP/src/core/ipv4/icmp.c ****   if (q == NULL) {
  78              		.loc 1 355 3 is_stmt 1 view .LVU13
  79              		.loc 1 355 6 is_stmt 0 view .LVU14
  80 0018 A0B3     		cbz	r0, .L1
  81 001a 0546     		mov	r5, r0
 356:Middlewares/Third_Party/LwIP/src/core/ipv4/icmp.c ****     LWIP_DEBUGF(ICMP_DEBUG, ("icmp_time_exceeded: failed to allocate pbuf for ICMP packet.\n"));
 357:Middlewares/Third_Party/LwIP/src/core/ipv4/icmp.c ****     MIB2_STATS_INC(mib2.icmpouterrors);
 358:Middlewares/Third_Party/LwIP/src/core/ipv4/icmp.c ****     return;
 359:Middlewares/Third_Party/LwIP/src/core/ipv4/icmp.c ****   }
 360:Middlewares/Third_Party/LwIP/src/core/ipv4/icmp.c ****   LWIP_ASSERT("check that first pbuf can hold icmp message",
  82              		.loc 1 360 3 is_stmt 1 view .LVU15
  83              		.loc 1 360 3 view .LVU16
  84 001c 4389     		ldrh	r3, [r0, #10]
  85 001e 232B     		cmp	r3, #35
ARM GAS  D:\Dev\msys64\tmp\ccFmvJxl.s 			page 9


  86 0020 33D9     		bls	.L7
  87              	.LVL5:
  88              	.L4:
  89              		.loc 1 360 3 discriminator 3 view .LVU17
  90              		.loc 1 360 3 discriminator 3 view .LVU18
 361:Middlewares/Third_Party/LwIP/src/core/ipv4/icmp.c ****               (q->len >= (sizeof(struct icmp_echo_hdr) + IP_HLEN + ICMP_DEST_UNREACH_DATASIZE)));
 362:Middlewares/Third_Party/LwIP/src/core/ipv4/icmp.c **** 
 363:Middlewares/Third_Party/LwIP/src/core/ipv4/icmp.c ****   iphdr = (struct ip_hdr *)p->payload;
  91              		.loc 1 363 3 discriminator 3 view .LVU19
  92              		.loc 1 363 9 is_stmt 0 discriminator 3 view .LVU20
  93 0022 D6F804C0 		ldr	ip, [r6, #4]
  94              	.LVL6:
 364:Middlewares/Third_Party/LwIP/src/core/ipv4/icmp.c ****   LWIP_DEBUGF(ICMP_DEBUG, ("icmp_time_exceeded from "));
  95              		.loc 1 364 56 is_stmt 1 discriminator 3 view .LVU21
 365:Middlewares/Third_Party/LwIP/src/core/ipv4/icmp.c ****   ip4_addr_debug_print_val(ICMP_DEBUG, iphdr->src);
  96              		.loc 1 365 51 discriminator 3 view .LVU22
 366:Middlewares/Third_Party/LwIP/src/core/ipv4/icmp.c ****   LWIP_DEBUGF(ICMP_DEBUG, (" to "));
  97              		.loc 1 366 36 discriminator 3 view .LVU23
 367:Middlewares/Third_Party/LwIP/src/core/ipv4/icmp.c ****   ip4_addr_debug_print_val(ICMP_DEBUG, iphdr->dest);
  98              		.loc 1 367 52 discriminator 3 view .LVU24
 368:Middlewares/Third_Party/LwIP/src/core/ipv4/icmp.c ****   LWIP_DEBUGF(ICMP_DEBUG, ("\n"));
  99              		.loc 1 368 34 discriminator 3 view .LVU25
 369:Middlewares/Third_Party/LwIP/src/core/ipv4/icmp.c **** 
 370:Middlewares/Third_Party/LwIP/src/core/ipv4/icmp.c ****   icmphdr = (struct icmp_echo_hdr *)q->payload;
 100              		.loc 1 370 3 discriminator 3 view .LVU26
 101              		.loc 1 370 11 is_stmt 0 discriminator 3 view .LVU27
 102 0026 6C68     		ldr	r4, [r5, #4]
 103              	.LVL7:
 371:Middlewares/Third_Party/LwIP/src/core/ipv4/icmp.c ****   icmphdr->type = type;
 104              		.loc 1 371 3 is_stmt 1 discriminator 3 view .LVU28
 105              		.loc 1 371 17 is_stmt 0 discriminator 3 view .LVU29
 106 0028 84F80080 		strb	r8, [r4]
 372:Middlewares/Third_Party/LwIP/src/core/ipv4/icmp.c ****   icmphdr->code = code;
 107              		.loc 1 372 3 is_stmt 1 discriminator 3 view .LVU30
 108              		.loc 1 372 17 is_stmt 0 discriminator 3 view .LVU31
 109 002c 6770     		strb	r7, [r4, #1]
 373:Middlewares/Third_Party/LwIP/src/core/ipv4/icmp.c ****   icmphdr->id = 0;
 110              		.loc 1 373 3 is_stmt 1 discriminator 3 view .LVU32
 111              		.loc 1 373 15 is_stmt 0 discriminator 3 view .LVU33
 112 002e 0023     		movs	r3, #0
 113 0030 2371     		strb	r3, [r4, #4]
 114 0032 6371     		strb	r3, [r4, #5]
 374:Middlewares/Third_Party/LwIP/src/core/ipv4/icmp.c ****   icmphdr->seqno = 0;
 115              		.loc 1 374 3 is_stmt 1 discriminator 3 view .LVU34
 116              		.loc 1 374 18 is_stmt 0 discriminator 3 view .LVU35
 117 0034 A371     		strb	r3, [r4, #6]
 118 0036 E371     		strb	r3, [r4, #7]
 375:Middlewares/Third_Party/LwIP/src/core/ipv4/icmp.c **** 
 376:Middlewares/Third_Party/LwIP/src/core/ipv4/icmp.c ****   /* copy fields from original packet */
 377:Middlewares/Third_Party/LwIP/src/core/ipv4/icmp.c ****   SMEMCPY((u8_t *)q->payload + sizeof(struct icmp_echo_hdr), (u8_t *)p->payload,
 119              		.loc 1 377 3 is_stmt 1 discriminator 3 view .LVU36
 120 0038 6B68     		ldr	r3, [r5, #4]
 121 003a 7268     		ldr	r2, [r6, #4]
 122 003c 1668     		ldr	r6, [r2]	@ unaligned
 123              	.LVL8:
 124              		.loc 1 377 3 is_stmt 0 discriminator 3 view .LVU37
 125 003e 5068     		ldr	r0, [r2, #4]	@ unaligned
ARM GAS  D:\Dev\msys64\tmp\ccFmvJxl.s 			page 10


 126 0040 9168     		ldr	r1, [r2, #8]	@ unaligned
 127 0042 D768     		ldr	r7, [r2, #12]	@ unaligned
 128 0044 9E60     		str	r6, [r3, #8]	@ unaligned
 129 0046 D860     		str	r0, [r3, #12]	@ unaligned
 130 0048 1961     		str	r1, [r3, #16]	@ unaligned
 131 004a 5F61     		str	r7, [r3, #20]	@ unaligned
 132 004c 1669     		ldr	r6, [r2, #16]	@ unaligned
 133 004e 5069     		ldr	r0, [r2, #20]	@ unaligned
 134 0050 9169     		ldr	r1, [r2, #24]	@ unaligned
 135 0052 9E61     		str	r6, [r3, #24]	@ unaligned
 136 0054 D861     		str	r0, [r3, #28]	@ unaligned
 137 0056 1962     		str	r1, [r3, #32]	@ unaligned
 378:Middlewares/Third_Party/LwIP/src/core/ipv4/icmp.c ****           IP_HLEN + ICMP_DEST_UNREACH_DATASIZE);
 379:Middlewares/Third_Party/LwIP/src/core/ipv4/icmp.c **** 
 380:Middlewares/Third_Party/LwIP/src/core/ipv4/icmp.c ****   ip4_addr_copy(iphdr_src, iphdr->src);
 138              		.loc 1 380 3 is_stmt 1 discriminator 3 view .LVU38
 139 0058 DCF80C30 		ldr	r3, [ip, #12]	@ unaligned
 140 005c 0593     		str	r3, [sp, #20]
 381:Middlewares/Third_Party/LwIP/src/core/ipv4/icmp.c **** #ifdef LWIP_HOOK_IP4_ROUTE_SRC
 382:Middlewares/Third_Party/LwIP/src/core/ipv4/icmp.c ****   {
 383:Middlewares/Third_Party/LwIP/src/core/ipv4/icmp.c ****     ip4_addr_t iphdr_dst;
 384:Middlewares/Third_Party/LwIP/src/core/ipv4/icmp.c ****     ip4_addr_copy(iphdr_dst, iphdr->dest);
 385:Middlewares/Third_Party/LwIP/src/core/ipv4/icmp.c ****     netif = ip4_route_src(&iphdr_dst, &iphdr_src);
 386:Middlewares/Third_Party/LwIP/src/core/ipv4/icmp.c ****   }
 387:Middlewares/Third_Party/LwIP/src/core/ipv4/icmp.c **** #else
 388:Middlewares/Third_Party/LwIP/src/core/ipv4/icmp.c ****   netif = ip4_route(&iphdr_src);
 141              		.loc 1 388 3 discriminator 3 view .LVU39
 142              		.loc 1 388 11 is_stmt 0 discriminator 3 view .LVU40
 143 005e 05A8     		add	r0, sp, #20
 144 0060 FFF7FEFF 		bl	ip4_route
 145              	.LVL9:
 389:Middlewares/Third_Party/LwIP/src/core/ipv4/icmp.c **** #endif
 390:Middlewares/Third_Party/LwIP/src/core/ipv4/icmp.c ****   if (netif != NULL) {
 146              		.loc 1 390 3 is_stmt 1 discriminator 3 view .LVU41
 147              		.loc 1 390 6 is_stmt 0 discriminator 3 view .LVU42
 148 0064 58B1     		cbz	r0, .L5
 391:Middlewares/Third_Party/LwIP/src/core/ipv4/icmp.c ****     /* calculate checksum */
 392:Middlewares/Third_Party/LwIP/src/core/ipv4/icmp.c ****     icmphdr->chksum = 0;
 149              		.loc 1 392 5 is_stmt 1 view .LVU43
 150              		.loc 1 392 21 is_stmt 0 view .LVU44
 151 0066 0021     		movs	r1, #0
 152 0068 A170     		strb	r1, [r4, #2]
 153 006a E170     		strb	r1, [r4, #3]
 393:Middlewares/Third_Party/LwIP/src/core/ipv4/icmp.c **** #if CHECKSUM_GEN_ICMP
 394:Middlewares/Third_Party/LwIP/src/core/ipv4/icmp.c ****     IF__NETIF_CHECKSUM_ENABLED(netif, NETIF_CHECKSUM_GEN_ICMP) {
 395:Middlewares/Third_Party/LwIP/src/core/ipv4/icmp.c ****       icmphdr->chksum = inet_chksum(icmphdr, q->len);
 396:Middlewares/Third_Party/LwIP/src/core/ipv4/icmp.c ****     }
 397:Middlewares/Third_Party/LwIP/src/core/ipv4/icmp.c **** #endif
 398:Middlewares/Third_Party/LwIP/src/core/ipv4/icmp.c ****     ICMP_STATS_INC(icmp.xmit);
 154              		.loc 1 398 30 is_stmt 1 view .LVU45
 399:Middlewares/Third_Party/LwIP/src/core/ipv4/icmp.c ****     ip4_output_if(q, NULL, &iphdr_src, ICMP_TTL, 0, IP_PROTO_ICMP, netif);
 155              		.loc 1 399 5 view .LVU46
 156 006c 0290     		str	r0, [sp, #8]
 157 006e 0123     		movs	r3, #1
 158 0070 0193     		str	r3, [sp, #4]
 159 0072 0091     		str	r1, [sp]
 160 0074 FF23     		movs	r3, #255
ARM GAS  D:\Dev\msys64\tmp\ccFmvJxl.s 			page 11


 161 0076 05AA     		add	r2, sp, #20
 162 0078 2846     		mov	r0, r5
 163              	.LVL10:
 164              		.loc 1 399 5 is_stmt 0 view .LVU47
 165 007a FFF7FEFF 		bl	ip4_output_if
 166              	.LVL11:
 167              	.L5:
 400:Middlewares/Third_Party/LwIP/src/core/ipv4/icmp.c ****   }
 401:Middlewares/Third_Party/LwIP/src/core/ipv4/icmp.c ****   pbuf_free(q);
 168              		.loc 1 401 3 is_stmt 1 view .LVU48
 169 007e 2846     		mov	r0, r5
 170 0080 FFF7FEFF 		bl	pbuf_free
 171              	.LVL12:
 172              	.L1:
 402:Middlewares/Third_Party/LwIP/src/core/ipv4/icmp.c **** }
 173              		.loc 1 402 1 is_stmt 0 view .LVU49
 174 0084 06B0     		add	sp, sp, #24
 175              	.LCFI2:
 176              		.cfi_remember_state
 177              		.cfi_def_cfa_offset 24
 178              		@ sp needed
 179 0086 BDE8F081 		pop	{r4, r5, r6, r7, r8, pc}
 180              	.LVL13:
 181              	.L7:
 182              	.LCFI3:
 183              		.cfi_restore_state
 360:Middlewares/Third_Party/LwIP/src/core/ipv4/icmp.c ****               (q->len >= (sizeof(struct icmp_echo_hdr) + IP_HLEN + ICMP_DEST_UNREACH_DATASIZE)));
 184              		.loc 1 360 3 is_stmt 1 discriminator 1 view .LVU50
 360:Middlewares/Third_Party/LwIP/src/core/ipv4/icmp.c ****               (q->len >= (sizeof(struct icmp_echo_hdr) + IP_HLEN + ICMP_DEST_UNREACH_DATASIZE)));
 185              		.loc 1 360 3 discriminator 1 view .LVU51
 186 008a 044B     		ldr	r3, .L8
 187 008c 4FF4B472 		mov	r2, #360
 188 0090 0349     		ldr	r1, .L8+4
 189 0092 0448     		ldr	r0, .L8+8
 190              	.LVL14:
 360:Middlewares/Third_Party/LwIP/src/core/ipv4/icmp.c ****               (q->len >= (sizeof(struct icmp_echo_hdr) + IP_HLEN + ICMP_DEST_UNREACH_DATASIZE)));
 191              		.loc 1 360 3 is_stmt 0 discriminator 1 view .LVU52
 192 0094 FFF7FEFF 		bl	printf
 193              	.LVL15:
 194 0098 C3E7     		b	.L4
 195              	.L9:
 196 009a 00BF     		.align	2
 197              	.L8:
 198 009c 00000000 		.word	.LC0
 199 00a0 34000000 		.word	.LC1
 200 00a4 60000000 		.word	.LC2
 201              		.cfi_endproc
 202              	.LFE28:
 204              		.section	.rodata.icmp_input.str1.4,"aMS",%progbits,1
 205              		.align	2
 206              	.LC3:
 207 0000 69636D70 		.ascii	"icmp_input: moving r->payload to icmp header failed"
 207      5F696E70 
 207      75743A20 
 207      6D6F7669 
 207      6E672072 
 208 0033 0A00     		.ascii	"\012\000"
ARM GAS  D:\Dev\msys64\tmp\ccFmvJxl.s 			page 12


 209 0035 000000   		.align	2
 210              	.LC4:
 211 0038 69636D70 		.ascii	"icmp_input: restoring original p->payload failed\012"
 211      5F696E70 
 211      75743A20 
 211      72657374 
 211      6F72696E 
 212 0069 00       		.ascii	"\000"
 213              		.section	.text.icmp_input,"ax",%progbits
 214              		.align	1
 215              		.global	icmp_input
 216              		.syntax unified
 217              		.thumb
 218              		.thumb_func
 219              		.fpu fpv5-sp-d16
 221              	icmp_input:
 222              	.LVL16:
 223              	.LFB25:
  81:Middlewares/Third_Party/LwIP/src/core/ipv4/icmp.c ****   u8_t type;
 224              		.loc 1 81 1 is_stmt 1 view -0
 225              		.cfi_startproc
 226              		@ args = 0, pretend = 0, frame = 0
 227              		@ frame_needed = 0, uses_anonymous_args = 0
  81:Middlewares/Third_Party/LwIP/src/core/ipv4/icmp.c ****   u8_t type;
 228              		.loc 1 81 1 is_stmt 0 view .LVU54
 229 0000 2DE9F043 		push	{r4, r5, r6, r7, r8, r9, lr}
 230              	.LCFI4:
 231              		.cfi_def_cfa_offset 28
 232              		.cfi_offset 4, -28
 233              		.cfi_offset 5, -24
 234              		.cfi_offset 6, -20
 235              		.cfi_offset 7, -16
 236              		.cfi_offset 8, -12
 237              		.cfi_offset 9, -8
 238              		.cfi_offset 14, -4
 239 0004 85B0     		sub	sp, sp, #20
 240              	.LCFI5:
 241              		.cfi_def_cfa_offset 48
 242 0006 0546     		mov	r5, r0
  82:Middlewares/Third_Party/LwIP/src/core/ipv4/icmp.c **** #ifdef LWIP_DEBUG
 243              		.loc 1 82 3 is_stmt 1 view .LVU55
  86:Middlewares/Third_Party/LwIP/src/core/ipv4/icmp.c ****   const struct ip_hdr *iphdr_in;
 244              		.loc 1 86 3 view .LVU56
  87:Middlewares/Third_Party/LwIP/src/core/ipv4/icmp.c ****   u16_t hlen;
 245              		.loc 1 87 3 view .LVU57
  88:Middlewares/Third_Party/LwIP/src/core/ipv4/icmp.c ****   const ip4_addr_t *src;
 246              		.loc 1 88 3 view .LVU58
  89:Middlewares/Third_Party/LwIP/src/core/ipv4/icmp.c **** 
 247              		.loc 1 89 3 view .LVU59
  91:Middlewares/Third_Party/LwIP/src/core/ipv4/icmp.c ****   MIB2_STATS_INC(mib2.icmpinmsgs);
 248              		.loc 1 91 28 view .LVU60
  92:Middlewares/Third_Party/LwIP/src/core/ipv4/icmp.c **** 
 249              		.loc 1 92 34 view .LVU61
  94:Middlewares/Third_Party/LwIP/src/core/ipv4/icmp.c ****   hlen = IPH_HL_BYTES(iphdr_in);
 250              		.loc 1 94 3 view .LVU62
  94:Middlewares/Third_Party/LwIP/src/core/ipv4/icmp.c ****   hlen = IPH_HL_BYTES(iphdr_in);
 251              		.loc 1 94 12 is_stmt 0 view .LVU63
ARM GAS  D:\Dev\msys64\tmp\ccFmvJxl.s 			page 13


 252 0008 4E4B     		ldr	r3, .L30
 253 000a 9F68     		ldr	r7, [r3, #8]
 254              	.LVL17:
  95:Middlewares/Third_Party/LwIP/src/core/ipv4/icmp.c ****   if (hlen < IP_HLEN) {
 255              		.loc 1 95 3 is_stmt 1 view .LVU64
  95:Middlewares/Third_Party/LwIP/src/core/ipv4/icmp.c ****   if (hlen < IP_HLEN) {
 256              		.loc 1 95 10 is_stmt 0 view .LVU65
 257 000c 3B78     		ldrb	r3, [r7]	@ zero_extendqisi2
 258 000e 03F00F03 		and	r3, r3, #15
 259 0012 4FEA8308 		lsl	r8, r3, #2
  95:Middlewares/Third_Party/LwIP/src/core/ipv4/icmp.c ****   if (hlen < IP_HLEN) {
 260              		.loc 1 95 8 view .LVU66
 261 0016 4446     		mov	r4, r8
 262              	.LVL18:
  96:Middlewares/Third_Party/LwIP/src/core/ipv4/icmp.c ****     LWIP_DEBUGF(ICMP_DEBUG, ("icmp_input: short IP header (%"S16_F" bytes) received\n", hlen));
 263              		.loc 1 96 3 is_stmt 1 view .LVU67
  96:Middlewares/Third_Party/LwIP/src/core/ipv4/icmp.c ****     LWIP_DEBUGF(ICMP_DEBUG, ("icmp_input: short IP header (%"S16_F" bytes) received\n", hlen));
 264              		.loc 1 96 6 is_stmt 0 view .LVU68
 265 0018 132C     		cmp	r4, #19
 266 001a 15D9     		bls	.L11
 267 001c 0E46     		mov	r6, r1
 100:Middlewares/Third_Party/LwIP/src/core/ipv4/icmp.c ****     LWIP_DEBUGF(ICMP_DEBUG, ("icmp_input: short ICMP (%"U16_F" bytes) received\n", p->tot_len));
 268              		.loc 1 100 3 is_stmt 1 view .LVU69
 100:Middlewares/Third_Party/LwIP/src/core/ipv4/icmp.c ****     LWIP_DEBUGF(ICMP_DEBUG, ("icmp_input: short ICMP (%"U16_F" bytes) received\n", p->tot_len));
 269              		.loc 1 100 8 is_stmt 0 view .LVU70
 270 001e 4389     		ldrh	r3, [r0, #10]
 100:Middlewares/Third_Party/LwIP/src/core/ipv4/icmp.c ****     LWIP_DEBUGF(ICMP_DEBUG, ("icmp_input: short ICMP (%"U16_F" bytes) received\n", p->tot_len));
 271              		.loc 1 100 6 view .LVU71
 272 0020 032B     		cmp	r3, #3
 273 0022 11D9     		bls	.L11
 105:Middlewares/Third_Party/LwIP/src/core/ipv4/icmp.c **** #ifdef LWIP_DEBUG
 274              		.loc 1 105 3 is_stmt 1 view .LVU72
 105:Middlewares/Third_Party/LwIP/src/core/ipv4/icmp.c **** #ifdef LWIP_DEBUG
 275              		.loc 1 105 21 is_stmt 0 view .LVU73
 276 0024 4368     		ldr	r3, [r0, #4]
 105:Middlewares/Third_Party/LwIP/src/core/ipv4/icmp.c **** #ifdef LWIP_DEBUG
 277              		.loc 1 105 8 view .LVU74
 278 0026 1B78     		ldrb	r3, [r3]	@ zero_extendqisi2
 279              	.LVL19:
 111:Middlewares/Third_Party/LwIP/src/core/ipv4/icmp.c ****     case ICMP_ER:
 280              		.loc 1 111 3 is_stmt 1 view .LVU75
 281 0028 082B     		cmp	r3, #8
 282 002a 69D1     		bne	.L12
 118:Middlewares/Third_Party/LwIP/src/core/ipv4/icmp.c ****       src = ip4_current_dest_addr();
 283              		.loc 1 118 39 view .LVU76
 119:Middlewares/Third_Party/LwIP/src/core/ipv4/icmp.c ****       /* multicast destination address? */
 284              		.loc 1 119 7 view .LVU77
 285              	.LVL20:
 121:Middlewares/Third_Party/LwIP/src/core/ipv4/icmp.c **** #if LWIP_MULTICAST_PING
 286              		.loc 1 121 7 view .LVU78
 121:Middlewares/Third_Party/LwIP/src/core/ipv4/icmp.c **** #if LWIP_MULTICAST_PING
 287              		.loc 1 121 11 is_stmt 0 view .LVU79
 288 002c 454B     		ldr	r3, .L30
 289              	.LVL21:
 121:Middlewares/Third_Party/LwIP/src/core/ipv4/icmp.c **** #if LWIP_MULTICAST_PING
 290              		.loc 1 121 11 view .LVU80
 291 002e 5869     		ldr	r0, [r3, #20]
ARM GAS  D:\Dev\msys64\tmp\ccFmvJxl.s 			page 14


 292              	.LVL22:
 121:Middlewares/Third_Party/LwIP/src/core/ipv4/icmp.c **** #if LWIP_MULTICAST_PING
 293              		.loc 1 121 11 view .LVU81
 294 0030 00F0F003 		and	r3, r0, #240
 121:Middlewares/Third_Party/LwIP/src/core/ipv4/icmp.c **** #if LWIP_MULTICAST_PING
 295              		.loc 1 121 10 view .LVU82
 296 0034 E02B     		cmp	r3, #224
 297 0036 1ED0     		beq	.L13
 131:Middlewares/Third_Party/LwIP/src/core/ipv4/icmp.c **** #if LWIP_BROADCAST_PING
 298              		.loc 1 131 7 is_stmt 1 view .LVU83
 131:Middlewares/Third_Party/LwIP/src/core/ipv4/icmp.c **** #if LWIP_BROADCAST_PING
 299              		.loc 1 131 11 is_stmt 0 view .LVU84
 300 0038 424B     		ldr	r3, .L30
 301 003a 1968     		ldr	r1, [r3]
 302              	.LVL23:
 131:Middlewares/Third_Party/LwIP/src/core/ipv4/icmp.c **** #if LWIP_BROADCAST_PING
 303              		.loc 1 131 11 view .LVU85
 304 003c FFF7FEFF 		bl	ip4_addr_isbroadcast_u32
 305              	.LVL24:
 131:Middlewares/Third_Party/LwIP/src/core/ipv4/icmp.c **** #if LWIP_BROADCAST_PING
 306              		.loc 1 131 10 view .LVU86
 307 0040 C8B9     		cbnz	r0, .L13
 140:Middlewares/Third_Party/LwIP/src/core/ipv4/icmp.c ****       if (p->tot_len < sizeof(struct icmp_echo_hdr)) {
 308              		.loc 1 140 54 is_stmt 1 view .LVU87
 141:Middlewares/Third_Party/LwIP/src/core/ipv4/icmp.c ****         LWIP_DEBUGF(ICMP_DEBUG, ("icmp_input: bad ICMP echo received\n"));
 309              		.loc 1 141 7 view .LVU88
 141:Middlewares/Third_Party/LwIP/src/core/ipv4/icmp.c ****         LWIP_DEBUGF(ICMP_DEBUG, ("icmp_input: bad ICMP echo received\n"));
 310              		.loc 1 141 12 is_stmt 0 view .LVU89
 311 0042 2B89     		ldrh	r3, [r5, #8]
 141:Middlewares/Third_Party/LwIP/src/core/ipv4/icmp.c ****         LWIP_DEBUGF(ICMP_DEBUG, ("icmp_input: bad ICMP echo received\n"));
 312              		.loc 1 141 10 view .LVU90
 313 0044 072B     		cmp	r3, #7
 314 0046 05D8     		bhi	.L22
 315              	.LVL25:
 316              	.L11:
 285:Middlewares/Third_Party/LwIP/src/core/ipv4/icmp.c ****   ICMP_STATS_INC(icmp.lenerr);
 317              		.loc 1 285 3 is_stmt 1 view .LVU91
 318 0048 2846     		mov	r0, r5
 319 004a FFF7FEFF 		bl	pbuf_free
 320              	.LVL26:
 286:Middlewares/Third_Party/LwIP/src/core/ipv4/icmp.c ****   MIB2_STATS_INC(mib2.icmpinerrors);
 321              		.loc 1 286 30 view .LVU92
 287:Middlewares/Third_Party/LwIP/src/core/ipv4/icmp.c ****   return;
 322              		.loc 1 287 36 view .LVU93
 288:Middlewares/Third_Party/LwIP/src/core/ipv4/icmp.c **** #if LWIP_ICMP_ECHO_CHECK_INPUT_PBUF_LEN || !LWIP_MULTICAST_PING || !LWIP_BROADCAST_PING
 323              		.loc 1 288 3 view .LVU94
 324              	.L10:
 296:Middlewares/Third_Party/LwIP/src/core/ipv4/icmp.c **** 
 325              		.loc 1 296 1 is_stmt 0 view .LVU95
 326 004e 05B0     		add	sp, sp, #20
 327              	.LCFI6:
 328              		.cfi_remember_state
 329              		.cfi_def_cfa_offset 28
 330              		@ sp needed
 331 0050 BDE8F083 		pop	{r4, r5, r6, r7, r8, r9, pc}
 332              	.LVL27:
 333              	.L22:
ARM GAS  D:\Dev\msys64\tmp\ccFmvJxl.s 			page 15


 334              	.LCFI7:
 335              		.cfi_restore_state
 147:Middlewares/Third_Party/LwIP/src/core/ipv4/icmp.c ****           LWIP_DEBUGF(ICMP_DEBUG, ("icmp_input: checksum failed for received ICMP echo\n"));
 336              		.loc 1 147 9 is_stmt 1 view .LVU96
 147:Middlewares/Third_Party/LwIP/src/core/ipv4/icmp.c ****           LWIP_DEBUGF(ICMP_DEBUG, ("icmp_input: checksum failed for received ICMP echo\n"));
 337              		.loc 1 147 13 is_stmt 0 view .LVU97
 338 0054 2846     		mov	r0, r5
 339 0056 FFF7FEFF 		bl	inet_chksum_pbuf
 340              	.LVL28:
 147:Middlewares/Third_Party/LwIP/src/core/ipv4/icmp.c ****           LWIP_DEBUGF(ICMP_DEBUG, ("icmp_input: checksum failed for received ICMP echo\n"));
 341              		.loc 1 147 12 view .LVU98
 342 005a 80B9     		cbnz	r0, .L23
 157:Middlewares/Third_Party/LwIP/src/core/ipv4/icmp.c ****         /* p is not big enough to contain link headers
 343              		.loc 1 157 7 is_stmt 1 view .LVU99
 157:Middlewares/Third_Party/LwIP/src/core/ipv4/icmp.c ****         /* p is not big enough to contain link headers
 344              		.loc 1 157 52 is_stmt 0 view .LVU100
 345 005c 08F10E09 		add	r9, r8, #14
 157:Middlewares/Third_Party/LwIP/src/core/ipv4/icmp.c ****         /* p is not big enough to contain link headers
 346              		.loc 1 157 11 view .LVU101
 347 0060 4946     		mov	r1, r9
 348 0062 2846     		mov	r0, r5
 349 0064 FFF7FEFF 		bl	pbuf_add_header
 350              	.LVL29:
 157:Middlewares/Third_Party/LwIP/src/core/ipv4/icmp.c ****         /* p is not big enough to contain link headers
 351              		.loc 1 157 10 view .LVU102
 352 0068 0028     		cmp	r0, #0
 353 006a 3ED0     		beq	.L16
 354              	.LBB2:
 161:Middlewares/Third_Party/LwIP/src/core/ipv4/icmp.c ****         u16_t alloc_len = (u16_t)(p->tot_len + hlen);
 355              		.loc 1 161 9 is_stmt 1 view .LVU103
 162:Middlewares/Third_Party/LwIP/src/core/ipv4/icmp.c ****         if (alloc_len < p->tot_len) {
 356              		.loc 1 162 9 view .LVU104
 162:Middlewares/Third_Party/LwIP/src/core/ipv4/icmp.c ****         if (alloc_len < p->tot_len) {
 357              		.loc 1 162 36 is_stmt 0 view .LVU105
 358 006c 2A89     		ldrh	r2, [r5, #8]
 162:Middlewares/Third_Party/LwIP/src/core/ipv4/icmp.c ****         if (alloc_len < p->tot_len) {
 359              		.loc 1 162 15 view .LVU106
 360 006e 1319     		adds	r3, r2, r4
 361 0070 99B2     		uxth	r1, r3
 362              	.LVL30:
 163:Middlewares/Third_Party/LwIP/src/core/ipv4/icmp.c ****           LWIP_DEBUGF(ICMP_DEBUG, ("icmp_input: allocating new pbuf failed (tot_len overflow)\n"));
 363              		.loc 1 163 9 is_stmt 1 view .LVU107
 163:Middlewares/Third_Party/LwIP/src/core/ipv4/icmp.c ****           LWIP_DEBUGF(ICMP_DEBUG, ("icmp_input: allocating new pbuf failed (tot_len overflow)\n"));
 364              		.loc 1 163 12 is_stmt 0 view .LVU108
 365 0072 8A42     		cmp	r2, r1
 366 0074 07D9     		bls	.L24
 367              	.LVL31:
 368              	.L13:
 163:Middlewares/Third_Party/LwIP/src/core/ipv4/icmp.c ****           LWIP_DEBUGF(ICMP_DEBUG, ("icmp_input: allocating new pbuf failed (tot_len overflow)\n"));
 369              		.loc 1 163 12 view .LVU109
 370              	.LBE2:
 291:Middlewares/Third_Party/LwIP/src/core/ipv4/icmp.c ****   ICMP_STATS_INC(icmp.err);
 371              		.loc 1 291 3 is_stmt 1 view .LVU110
 372 0076 2846     		mov	r0, r5
 373 0078 FFF7FEFF 		bl	pbuf_free
 374              	.LVL32:
 292:Middlewares/Third_Party/LwIP/src/core/ipv4/icmp.c ****   MIB2_STATS_INC(mib2.icmpinerrors);
ARM GAS  D:\Dev\msys64\tmp\ccFmvJxl.s 			page 16


 375              		.loc 1 292 27 view .LVU111
 293:Middlewares/Third_Party/LwIP/src/core/ipv4/icmp.c ****   return;
 376              		.loc 1 293 36 view .LVU112
 294:Middlewares/Third_Party/LwIP/src/core/ipv4/icmp.c **** #endif /* LWIP_ICMP_ECHO_CHECK_INPUT_PBUF_LEN || !LWIP_MULTICAST_PING || !LWIP_BROADCAST_PING */
 377              		.loc 1 294 3 view .LVU113
 378 007c E7E7     		b	.L10
 379              	.L23:
 148:Middlewares/Third_Party/LwIP/src/core/ipv4/icmp.c ****           pbuf_free(p);
 380              		.loc 1 148 92 view .LVU114
 149:Middlewares/Third_Party/LwIP/src/core/ipv4/icmp.c ****           ICMP_STATS_INC(icmp.chkerr);
 381              		.loc 1 149 11 view .LVU115
 382 007e 2846     		mov	r0, r5
 383 0080 FFF7FEFF 		bl	pbuf_free
 384              	.LVL33:
 150:Middlewares/Third_Party/LwIP/src/core/ipv4/icmp.c ****           MIB2_STATS_INC(mib2.icmpinerrors);
 385              		.loc 1 150 38 view .LVU116
 151:Middlewares/Third_Party/LwIP/src/core/ipv4/icmp.c ****           return;
 386              		.loc 1 151 44 view .LVU117
 152:Middlewares/Third_Party/LwIP/src/core/ipv4/icmp.c ****         }
 387              		.loc 1 152 11 view .LVU118
 388 0084 E3E7     		b	.L10
 389              	.LVL34:
 390              	.L24:
 391              	.LBB3:
 168:Middlewares/Third_Party/LwIP/src/core/ipv4/icmp.c ****         if (r == NULL) {
 392              		.loc 1 168 9 view .LVU119
 168:Middlewares/Third_Party/LwIP/src/core/ipv4/icmp.c ****         if (r == NULL) {
 393              		.loc 1 168 13 is_stmt 0 view .LVU120
 394 0086 4FF42072 		mov	r2, #640
 395 008a 0E20     		movs	r0, #14
 396 008c FFF7FEFF 		bl	pbuf_alloc
 397              	.LVL35:
 169:Middlewares/Third_Party/LwIP/src/core/ipv4/icmp.c ****           LWIP_DEBUGF(ICMP_DEBUG, ("icmp_input: allocating new pbuf failed\n"));
 398              		.loc 1 169 9 is_stmt 1 view .LVU121
 169:Middlewares/Third_Party/LwIP/src/core/ipv4/icmp.c ****           LWIP_DEBUGF(ICMP_DEBUG, ("icmp_input: allocating new pbuf failed\n"));
 399              		.loc 1 169 12 is_stmt 0 view .LVU122
 400 0090 0446     		mov	r4, r0
 401 0092 0028     		cmp	r0, #0
 402 0094 EFD0     		beq	.L13
 173:Middlewares/Third_Party/LwIP/src/core/ipv4/icmp.c ****           LWIP_DEBUGF(ICMP_DEBUG | LWIP_DBG_LEVEL_SERIOUS, ("first pbuf cannot hold the ICMP header
 403              		.loc 1 173 9 is_stmt 1 view .LVU123
 173:Middlewares/Third_Party/LwIP/src/core/ipv4/icmp.c ****           LWIP_DEBUGF(ICMP_DEBUG | LWIP_DBG_LEVEL_SERIOUS, ("first pbuf cannot hold the ICMP header
 404              		.loc 1 173 14 is_stmt 0 view .LVU124
 405 0096 4289     		ldrh	r2, [r0, #10]
 173:Middlewares/Third_Party/LwIP/src/core/ipv4/icmp.c ****           LWIP_DEBUGF(ICMP_DEBUG | LWIP_DBG_LEVEL_SERIOUS, ("first pbuf cannot hold the ICMP header
 406              		.loc 1 173 27 view .LVU125
 407 0098 08F10803 		add	r3, r8, #8
 173:Middlewares/Third_Party/LwIP/src/core/ipv4/icmp.c ****           LWIP_DEBUGF(ICMP_DEBUG | LWIP_DBG_LEVEL_SERIOUS, ("first pbuf cannot hold the ICMP header
 408              		.loc 1 173 12 view .LVU126
 409 009c 9A42     		cmp	r2, r3
 410 009e 13D3     		bcc	.L25
 179:Middlewares/Third_Party/LwIP/src/core/ipv4/icmp.c ****         /* switch r->payload back to icmp header (cannot fail) */
 411              		.loc 1 179 9 is_stmt 1 view .LVU127
 412 00a0 4246     		mov	r2, r8
 413 00a2 3946     		mov	r1, r7
 414 00a4 4068     		ldr	r0, [r0, #4]
 415              	.LVL36:
ARM GAS  D:\Dev\msys64\tmp\ccFmvJxl.s 			page 17


 179:Middlewares/Third_Party/LwIP/src/core/ipv4/icmp.c ****         /* switch r->payload back to icmp header (cannot fail) */
 416              		.loc 1 179 9 is_stmt 0 view .LVU128
 417 00a6 FFF7FEFF 		bl	memcpy
 418              	.LVL37:
 181:Middlewares/Third_Party/LwIP/src/core/ipv4/icmp.c ****           LWIP_ASSERT("icmp_input: moving r->payload to icmp header failed\n", 0);
 419              		.loc 1 181 9 is_stmt 1 view .LVU129
 181:Middlewares/Third_Party/LwIP/src/core/ipv4/icmp.c ****           LWIP_ASSERT("icmp_input: moving r->payload to icmp header failed\n", 0);
 420              		.loc 1 181 13 is_stmt 0 view .LVU130
 421 00aa 4146     		mov	r1, r8
 422 00ac 2046     		mov	r0, r4
 423 00ae FFF7FEFF 		bl	pbuf_remove_header
 424              	.LVL38:
 181:Middlewares/Third_Party/LwIP/src/core/ipv4/icmp.c ****           LWIP_ASSERT("icmp_input: moving r->payload to icmp header failed\n", 0);
 425              		.loc 1 181 12 view .LVU131
 426 00b2 60B9     		cbnz	r0, .L26
 187:Middlewares/Third_Party/LwIP/src/core/ipv4/icmp.c ****           LWIP_DEBUGF(ICMP_DEBUG | LWIP_DBG_LEVEL_SERIOUS, ("icmp_input: copying to new pbuf failed
 427              		.loc 1 187 9 is_stmt 1 view .LVU132
 187:Middlewares/Third_Party/LwIP/src/core/ipv4/icmp.c ****           LWIP_DEBUGF(ICMP_DEBUG | LWIP_DBG_LEVEL_SERIOUS, ("icmp_input: copying to new pbuf failed
 428              		.loc 1 187 13 is_stmt 0 view .LVU133
 429 00b4 2946     		mov	r1, r5
 430 00b6 2046     		mov	r0, r4
 431 00b8 FFF7FEFF 		bl	pbuf_copy
 432              	.LVL39:
 187:Middlewares/Third_Party/LwIP/src/core/ipv4/icmp.c ****           LWIP_DEBUGF(ICMP_DEBUG | LWIP_DBG_LEVEL_SERIOUS, ("icmp_input: copying to new pbuf failed
 433              		.loc 1 187 12 view .LVU134
 434 00bc 88B9     		cbnz	r0, .L27
 193:Middlewares/Third_Party/LwIP/src/core/ipv4/icmp.c ****         /* we now have an identical copy of p that has room for link headers */
 435              		.loc 1 193 9 is_stmt 1 view .LVU135
 436 00be 2846     		mov	r0, r5
 437 00c0 FFF7FEFF 		bl	pbuf_free
 438              	.LVL40:
 195:Middlewares/Third_Party/LwIP/src/core/ipv4/icmp.c ****       } else {
 439              		.loc 1 195 9 view .LVU136
 195:Middlewares/Third_Party/LwIP/src/core/ipv4/icmp.c ****       } else {
 440              		.loc 1 195 11 is_stmt 0 view .LVU137
 441 00c4 2546     		mov	r5, r4
 442              	.LBE3:
 443 00c6 15E0     		b	.L20
 444              	.LVL41:
 445              	.L25:
 446              	.LBB4:
 174:Middlewares/Third_Party/LwIP/src/core/ipv4/icmp.c ****           pbuf_free(r);
 447              		.loc 1 174 103 is_stmt 1 view .LVU138
 175:Middlewares/Third_Party/LwIP/src/core/ipv4/icmp.c ****           goto icmperr;
 448              		.loc 1 175 11 view .LVU139
 449 00c8 FFF7FEFF 		bl	pbuf_free
 450              	.LVL42:
 176:Middlewares/Third_Party/LwIP/src/core/ipv4/icmp.c ****         }
 451              		.loc 1 176 11 view .LVU140
 452 00cc D3E7     		b	.L13
 453              	.L26:
 182:Middlewares/Third_Party/LwIP/src/core/ipv4/icmp.c ****           pbuf_free(r);
 454              		.loc 1 182 11 discriminator 1 view .LVU141
 182:Middlewares/Third_Party/LwIP/src/core/ipv4/icmp.c ****           pbuf_free(r);
 455              		.loc 1 182 11 discriminator 1 view .LVU142
 182:Middlewares/Third_Party/LwIP/src/core/ipv4/icmp.c ****           pbuf_free(r);
 456              		.loc 1 182 11 discriminator 1 view .LVU143
ARM GAS  D:\Dev\msys64\tmp\ccFmvJxl.s 			page 18


 182:Middlewares/Third_Party/LwIP/src/core/ipv4/icmp.c ****           pbuf_free(r);
 457              		.loc 1 182 11 discriminator 1 view .LVU144
 458 00ce 1E4B     		ldr	r3, .L30+4
 459 00d0 B622     		movs	r2, #182
 460 00d2 1E49     		ldr	r1, .L30+8
 461 00d4 1E48     		ldr	r0, .L30+12
 462 00d6 FFF7FEFF 		bl	printf
 463              	.LVL43:
 182:Middlewares/Third_Party/LwIP/src/core/ipv4/icmp.c ****           pbuf_free(r);
 464              		.loc 1 182 11 discriminator 1 view .LVU145
 182:Middlewares/Third_Party/LwIP/src/core/ipv4/icmp.c ****           pbuf_free(r);
 465              		.loc 1 182 11 discriminator 1 view .LVU146
 183:Middlewares/Third_Party/LwIP/src/core/ipv4/icmp.c ****           goto icmperr;
 466              		.loc 1 183 11 discriminator 1 view .LVU147
 467 00da 2046     		mov	r0, r4
 468 00dc FFF7FEFF 		bl	pbuf_free
 469              	.LVL44:
 184:Middlewares/Third_Party/LwIP/src/core/ipv4/icmp.c ****         }
 470              		.loc 1 184 11 discriminator 1 view .LVU148
 471 00e0 C9E7     		b	.L13
 472              	.L27:
 188:Middlewares/Third_Party/LwIP/src/core/ipv4/icmp.c ****           pbuf_free(r);
 473              		.loc 1 188 103 view .LVU149
 189:Middlewares/Third_Party/LwIP/src/core/ipv4/icmp.c ****           goto icmperr;
 474              		.loc 1 189 11 view .LVU150
 475 00e2 2046     		mov	r0, r4
 476 00e4 FFF7FEFF 		bl	pbuf_free
 477              	.LVL45:
 190:Middlewares/Third_Party/LwIP/src/core/ipv4/icmp.c ****         }
 478              		.loc 1 190 11 view .LVU151
 479 00e8 C5E7     		b	.L13
 480              	.LVL46:
 481              	.L16:
 190:Middlewares/Third_Party/LwIP/src/core/ipv4/icmp.c ****         }
 482              		.loc 1 190 11 is_stmt 0 view .LVU152
 483              	.LBE4:
 198:Middlewares/Third_Party/LwIP/src/core/ipv4/icmp.c ****           LWIP_ASSERT("icmp_input: restoring original p->payload failed\n", 0);
 484              		.loc 1 198 9 is_stmt 1 view .LVU153
 198:Middlewares/Third_Party/LwIP/src/core/ipv4/icmp.c ****           LWIP_ASSERT("icmp_input: restoring original p->payload failed\n", 0);
 485              		.loc 1 198 13 is_stmt 0 view .LVU154
 486 00ea 4946     		mov	r1, r9
 487 00ec 2846     		mov	r0, r5
 488 00ee FFF7FEFF 		bl	pbuf_remove_header
 489              	.LVL47:
 198:Middlewares/Third_Party/LwIP/src/core/ipv4/icmp.c ****           LWIP_ASSERT("icmp_input: restoring original p->payload failed\n", 0);
 490              		.loc 1 198 12 view .LVU155
 491 00f2 48B9     		cbnz	r0, .L28
 492              	.L20:
 207:Middlewares/Third_Party/LwIP/src/core/ipv4/icmp.c ****       if (pbuf_add_header(p, hlen)) {
 493              		.loc 1 207 7 is_stmt 1 view .LVU156
 207:Middlewares/Third_Party/LwIP/src/core/ipv4/icmp.c ****       if (pbuf_add_header(p, hlen)) {
 494              		.loc 1 207 13 is_stmt 0 view .LVU157
 495 00f4 6C68     		ldr	r4, [r5, #4]
 496              	.LVL48:
 208:Middlewares/Third_Party/LwIP/src/core/ipv4/icmp.c ****         LWIP_DEBUGF(ICMP_DEBUG | LWIP_DBG_LEVEL_SERIOUS, ("Can't move over header in packet"));
 497              		.loc 1 208 7 is_stmt 1 view .LVU158
 208:Middlewares/Third_Party/LwIP/src/core/ipv4/icmp.c ****         LWIP_DEBUGF(ICMP_DEBUG | LWIP_DBG_LEVEL_SERIOUS, ("Can't move over header in packet"));
ARM GAS  D:\Dev\msys64\tmp\ccFmvJxl.s 			page 19


 498              		.loc 1 208 11 is_stmt 0 view .LVU159
 499 00f6 4146     		mov	r1, r8
 500 00f8 2846     		mov	r0, r5
 501 00fa FFF7FEFF 		bl	pbuf_add_header
 502              	.LVL49:
 208:Middlewares/Third_Party/LwIP/src/core/ipv4/icmp.c ****         LWIP_DEBUGF(ICMP_DEBUG | LWIP_DBG_LEVEL_SERIOUS, ("Can't move over header in packet"));
 503              		.loc 1 208 10 view .LVU160
 504 00fe 50B1     		cbz	r0, .L29
 505              	.LVL50:
 506              	.L12:
 275:Middlewares/Third_Party/LwIP/src/core/ipv4/icmp.c ****       }
 507              		.loc 1 275 48 is_stmt 1 view .LVU161
 278:Middlewares/Third_Party/LwIP/src/core/ipv4/icmp.c ****       ICMP_STATS_INC(icmp.proterr);
 508              		.loc 1 278 58 view .LVU162
 279:Middlewares/Third_Party/LwIP/src/core/ipv4/icmp.c ****       ICMP_STATS_INC(icmp.drop);
 509              		.loc 1 279 35 view .LVU163
 280:Middlewares/Third_Party/LwIP/src/core/ipv4/icmp.c ****   }
 510              		.loc 1 280 32 view .LVU164
 282:Middlewares/Third_Party/LwIP/src/core/ipv4/icmp.c ****   return;
 511              		.loc 1 282 3 view .LVU165
 512 0100 2846     		mov	r0, r5
 513 0102 FFF7FEFF 		bl	pbuf_free
 514              	.LVL51:
 283:Middlewares/Third_Party/LwIP/src/core/ipv4/icmp.c **** lenerr:
 515              		.loc 1 283 3 view .LVU166
 516 0106 A2E7     		b	.L10
 517              	.LVL52:
 518              	.L28:
 199:Middlewares/Third_Party/LwIP/src/core/ipv4/icmp.c ****           goto icmperr;
 519              		.loc 1 199 11 discriminator 1 view .LVU167
 199:Middlewares/Third_Party/LwIP/src/core/ipv4/icmp.c ****           goto icmperr;
 520              		.loc 1 199 11 discriminator 1 view .LVU168
 199:Middlewares/Third_Party/LwIP/src/core/ipv4/icmp.c ****           goto icmperr;
 521              		.loc 1 199 11 discriminator 1 view .LVU169
 199:Middlewares/Third_Party/LwIP/src/core/ipv4/icmp.c ****           goto icmperr;
 522              		.loc 1 199 11 discriminator 1 view .LVU170
 523 0108 0F4B     		ldr	r3, .L30+4
 524 010a C722     		movs	r2, #199
 525 010c 1149     		ldr	r1, .L30+16
 526 010e 1048     		ldr	r0, .L30+12
 527 0110 FFF7FEFF 		bl	printf
 528              	.LVL53:
 199:Middlewares/Third_Party/LwIP/src/core/ipv4/icmp.c ****           goto icmperr;
 529              		.loc 1 199 11 discriminator 1 view .LVU171
 199:Middlewares/Third_Party/LwIP/src/core/ipv4/icmp.c ****           goto icmperr;
 530              		.loc 1 199 11 discriminator 1 view .LVU172
 200:Middlewares/Third_Party/LwIP/src/core/ipv4/icmp.c ****         }
 531              		.loc 1 200 11 discriminator 1 view .LVU173
 532 0114 AFE7     		b	.L13
 533              	.LVL54:
 534              	.L29:
 535              	.LBB5:
 211:Middlewares/Third_Party/LwIP/src/core/ipv4/icmp.c ****         struct ip_hdr *iphdr = (struct ip_hdr *)p->payload;
 536              		.loc 1 211 9 view .LVU174
 212:Middlewares/Third_Party/LwIP/src/core/ipv4/icmp.c ****         ip4_addr_copy(iphdr->src, *src);
 537              		.loc 1 212 9 view .LVU175
 212:Middlewares/Third_Party/LwIP/src/core/ipv4/icmp.c ****         ip4_addr_copy(iphdr->src, *src);
ARM GAS  D:\Dev\msys64\tmp\ccFmvJxl.s 			page 20


 538              		.loc 1 212 24 is_stmt 0 view .LVU176
 539 0116 6868     		ldr	r0, [r5, #4]
 540              	.LVL55:
 213:Middlewares/Third_Party/LwIP/src/core/ipv4/icmp.c ****         ip4_addr_copy(iphdr->dest, *ip4_current_src_addr());
 541              		.loc 1 213 9 is_stmt 1 view .LVU177
 542 0118 0A49     		ldr	r1, .L30
 543 011a 4B69     		ldr	r3, [r1, #20]
 544 011c C360     		str	r3, [r0, #12]	@ unaligned
 214:Middlewares/Third_Party/LwIP/src/core/ipv4/icmp.c ****         ICMPH_TYPE_SET(iecho, ICMP_ER);
 545              		.loc 1 214 9 view .LVU178
 546 011e 0B69     		ldr	r3, [r1, #16]
 547 0120 0361     		str	r3, [r0, #16]	@ unaligned
 215:Middlewares/Third_Party/LwIP/src/core/ipv4/icmp.c **** #if CHECKSUM_GEN_ICMP
 548              		.loc 1 215 9 view .LVU179
 549 0122 0022     		movs	r2, #0
 550 0124 2270     		strb	r2, [r4]
 231:Middlewares/Third_Party/LwIP/src/core/ipv4/icmp.c **** #endif /* CHECKSUM_GEN_ICMP */
 551              		.loc 1 231 9 view .LVU180
 231:Middlewares/Third_Party/LwIP/src/core/ipv4/icmp.c **** #endif /* CHECKSUM_GEN_ICMP */
 552              		.loc 1 231 23 is_stmt 0 view .LVU181
 553 0126 A270     		strb	r2, [r4, #2]
 554 0128 E270     		strb	r2, [r4, #3]
 235:Middlewares/Third_Party/LwIP/src/core/ipv4/icmp.c ****         IPH_CHKSUM_SET(iphdr, 0);
 555              		.loc 1 235 9 is_stmt 1 view .LVU182
 556 012a FF23     		movs	r3, #255
 557 012c 0372     		strb	r3, [r0, #8]
 236:Middlewares/Third_Party/LwIP/src/core/ipv4/icmp.c **** #if CHECKSUM_GEN_IP
 558              		.loc 1 236 9 view .LVU183
 559 012e 8272     		strb	r2, [r0, #10]
 560 0130 C272     		strb	r2, [r0, #11]
 243:Middlewares/Third_Party/LwIP/src/core/ipv4/icmp.c ****         /* increase number of messages attempted to send */
 561              		.loc 1 243 34 view .LVU184
 245:Middlewares/Third_Party/LwIP/src/core/ipv4/icmp.c ****         /* increase number of echo replies attempted to send */
 562              		.loc 1 245 41 view .LVU185
 247:Middlewares/Third_Party/LwIP/src/core/ipv4/icmp.c **** 
 563              		.loc 1 247 45 view .LVU186
 250:Middlewares/Third_Party/LwIP/src/core/ipv4/icmp.c ****                             ICMP_TTL, 0, IP_PROTO_ICMP, inp);
 564              		.loc 1 250 9 view .LVU187
 250:Middlewares/Third_Party/LwIP/src/core/ipv4/icmp.c ****                             ICMP_TTL, 0, IP_PROTO_ICMP, inp);
 565              		.loc 1 250 15 is_stmt 0 view .LVU188
 566 0132 0296     		str	r6, [sp, #8]
 567 0134 0120     		movs	r0, #1
 568              	.LVL56:
 250:Middlewares/Third_Party/LwIP/src/core/ipv4/icmp.c ****                             ICMP_TTL, 0, IP_PROTO_ICMP, inp);
 569              		.loc 1 250 15 view .LVU189
 570 0136 0190     		str	r0, [sp, #4]
 571 0138 0092     		str	r2, [sp]
 572 013a 1431     		adds	r1, r1, #20
 573 013c 2846     		mov	r0, r5
 574 013e FFF7FEFF 		bl	ip4_output_if
 575              	.LVL57:
 252:Middlewares/Third_Party/LwIP/src/core/ipv4/icmp.c ****           LWIP_DEBUGF(ICMP_DEBUG, ("icmp_input: ip_output_if returned an error: %s\n", lwip_strerr(
 576              		.loc 1 252 9 is_stmt 1 view .LVU190
 577 0142 DDE7     		b	.L12
 578              	.L31:
 579              		.align	2
 580              	.L30:
ARM GAS  D:\Dev\msys64\tmp\ccFmvJxl.s 			page 21


 581 0144 00000000 		.word	ip_data
 582 0148 00000000 		.word	.LC0
 583 014c 00000000 		.word	.LC3
 584 0150 60000000 		.word	.LC2
 585 0154 38000000 		.word	.LC4
 586              	.LBE5:
 587              		.cfi_endproc
 588              	.LFE25:
 590              		.section	.text.icmp_dest_unreach,"ax",%progbits
 591              		.align	1
 592              		.global	icmp_dest_unreach
 593              		.syntax unified
 594              		.thumb
 595              		.thumb_func
 596              		.fpu fpv5-sp-d16
 598              	icmp_dest_unreach:
 599              	.LVL58:
 600              	.LFB26:
 309:Middlewares/Third_Party/LwIP/src/core/ipv4/icmp.c ****   MIB2_STATS_INC(mib2.icmpoutdestunreachs);
 601              		.loc 1 309 1 view -0
 602              		.cfi_startproc
 603              		@ args = 0, pretend = 0, frame = 0
 604              		@ frame_needed = 0, uses_anonymous_args = 0
 309:Middlewares/Third_Party/LwIP/src/core/ipv4/icmp.c ****   MIB2_STATS_INC(mib2.icmpoutdestunreachs);
 605              		.loc 1 309 1 is_stmt 0 view .LVU192
 606 0000 08B5     		push	{r3, lr}
 607              	.LCFI8:
 608              		.cfi_def_cfa_offset 8
 609              		.cfi_offset 3, -8
 610              		.cfi_offset 14, -4
 611 0002 0A46     		mov	r2, r1
 310:Middlewares/Third_Party/LwIP/src/core/ipv4/icmp.c ****   icmp_send_response(p, ICMP_DUR, t);
 612              		.loc 1 310 43 is_stmt 1 view .LVU193
 311:Middlewares/Third_Party/LwIP/src/core/ipv4/icmp.c **** }
 613              		.loc 1 311 3 view .LVU194
 614 0004 0321     		movs	r1, #3
 615              	.LVL59:
 311:Middlewares/Third_Party/LwIP/src/core/ipv4/icmp.c **** }
 616              		.loc 1 311 3 is_stmt 0 view .LVU195
 617 0006 FFF7FEFF 		bl	icmp_send_response
 618              	.LVL60:
 312:Middlewares/Third_Party/LwIP/src/core/ipv4/icmp.c **** 
 619              		.loc 1 312 1 view .LVU196
 620 000a 08BD     		pop	{r3, pc}
 621              		.cfi_endproc
 622              	.LFE26:
 624              		.section	.text.icmp_time_exceeded,"ax",%progbits
 625              		.align	1
 626              		.global	icmp_time_exceeded
 627              		.syntax unified
 628              		.thumb
 629              		.thumb_func
 630              		.fpu fpv5-sp-d16
 632              	icmp_time_exceeded:
 633              	.LVL61:
 634              	.LFB27:
 324:Middlewares/Third_Party/LwIP/src/core/ipv4/icmp.c ****   MIB2_STATS_INC(mib2.icmpouttimeexcds);
ARM GAS  D:\Dev\msys64\tmp\ccFmvJxl.s 			page 22


 635              		.loc 1 324 1 is_stmt 1 view -0
 636              		.cfi_startproc
 637              		@ args = 0, pretend = 0, frame = 0
 638              		@ frame_needed = 0, uses_anonymous_args = 0
 324:Middlewares/Third_Party/LwIP/src/core/ipv4/icmp.c ****   MIB2_STATS_INC(mib2.icmpouttimeexcds);
 639              		.loc 1 324 1 is_stmt 0 view .LVU198
 640 0000 08B5     		push	{r3, lr}
 641              	.LCFI9:
 642              		.cfi_def_cfa_offset 8
 643              		.cfi_offset 3, -8
 644              		.cfi_offset 14, -4
 645 0002 0A46     		mov	r2, r1
 325:Middlewares/Third_Party/LwIP/src/core/ipv4/icmp.c ****   icmp_send_response(p, ICMP_TE, t);
 646              		.loc 1 325 40 is_stmt 1 view .LVU199
 326:Middlewares/Third_Party/LwIP/src/core/ipv4/icmp.c **** }
 647              		.loc 1 326 3 view .LVU200
 648 0004 0B21     		movs	r1, #11
 649              	.LVL62:
 326:Middlewares/Third_Party/LwIP/src/core/ipv4/icmp.c **** }
 650              		.loc 1 326 3 is_stmt 0 view .LVU201
 651 0006 FFF7FEFF 		bl	icmp_send_response
 652              	.LVL63:
 327:Middlewares/Third_Party/LwIP/src/core/ipv4/icmp.c **** 
 653              		.loc 1 327 1 view .LVU202
 654 000a 08BD     		pop	{r3, pc}
 655              		.cfi_endproc
 656              	.LFE27:
 658              		.text
 659              	.Letext0:
 660              		.file 2 "d:\\dev\\gcc-arm-none-eabi\\9_2019_q4-major\\arm-none-eabi\\include\\machine\\_default_ty
 661              		.file 3 "d:\\dev\\gcc-arm-none-eabi\\9_2019_q4-major\\arm-none-eabi\\include\\sys\\lock.h"
 662              		.file 4 "d:\\dev\\gcc-arm-none-eabi\\9_2019_q4-major\\arm-none-eabi\\include\\sys\\_types.h"
 663              		.file 5 "d:\\dev\\gcc-arm-none-eabi\\9_2019_q4-major\\lib\\gcc\\arm-none-eabi\\9.2.1\\include\\std
 664              		.file 6 "d:\\dev\\gcc-arm-none-eabi\\9_2019_q4-major\\arm-none-eabi\\include\\sys\\reent.h"
 665              		.file 7 "d:\\dev\\gcc-arm-none-eabi\\9_2019_q4-major\\arm-none-eabi\\include\\stdlib.h"
 666              		.file 8 "d:\\dev\\gcc-arm-none-eabi\\9_2019_q4-major\\arm-none-eabi\\include\\sys\\_stdint.h"
 667              		.file 9 "d:\\dev\\gcc-arm-none-eabi\\9_2019_q4-major\\arm-none-eabi\\include\\time.h"
 668              		.file 10 "Middlewares/Third_Party/LwIP/src/include/lwip/arch.h"
 669              		.file 11 "d:\\dev\\gcc-arm-none-eabi\\9_2019_q4-major\\arm-none-eabi\\include\\ctype.h"
 670              		.file 12 "Middlewares/Third_Party/LwIP/src/include/lwip/err.h"
 671              		.file 13 "Middlewares/Third_Party/LwIP/src/include/lwip/pbuf.h"
 672              		.file 14 "Middlewares/Third_Party/LwIP/src/include/lwip/ip4_addr.h"
 673              		.file 15 "Middlewares/Third_Party/LwIP/src/include/lwip/ip_addr.h"
 674              		.file 16 "Middlewares/Third_Party/LwIP/src/include/lwip/priv/memp_priv.h"
 675              		.file 17 "Middlewares/Third_Party/LwIP/src/include/lwip/memp.h"
 676              		.file 18 "Middlewares/Third_Party/LwIP/src/include/lwip/netif.h"
 677              		.file 19 "Middlewares/Third_Party/LwIP/src/include/lwip/prot/icmp.h"
 678              		.file 20 "Middlewares/Third_Party/LwIP/src/include/lwip/icmp.h"
 679              		.file 21 "Middlewares/Third_Party/LwIP/src/include/lwip/prot/ip4.h"
 680              		.file 22 "Middlewares/Third_Party/LwIP/src/include/lwip/ip.h"
 681              		.file 23 "Middlewares/Third_Party/LwIP/src/include/lwip/ip4.h"
 682              		.file 24 "d:\\dev\\gcc-arm-none-eabi\\9_2019_q4-major\\arm-none-eabi\\include\\stdio.h"
 683              		.file 25 "Middlewares/Third_Party/LwIP/src/include/lwip/inet_chksum.h"
 684              		.file 26 "<built-in>"
ARM GAS  D:\Dev\msys64\tmp\ccFmvJxl.s 			page 23


DEFINED SYMBOLS
                            *ABS*:00000000 icmp.c
D:\Dev\msys64\tmp\ccFmvJxl.s:18     .rodata.icmp_send_response.str1.4:00000000 $d
D:\Dev\msys64\tmp\ccFmvJxl.s:28     .text.icmp_send_response:00000000 $t
D:\Dev\msys64\tmp\ccFmvJxl.s:35     .text.icmp_send_response:00000000 icmp_send_response
D:\Dev\msys64\tmp\ccFmvJxl.s:198    .text.icmp_send_response:0000009c $d
D:\Dev\msys64\tmp\ccFmvJxl.s:205    .rodata.icmp_input.str1.4:00000000 $d
D:\Dev\msys64\tmp\ccFmvJxl.s:214    .text.icmp_input:00000000 $t
D:\Dev\msys64\tmp\ccFmvJxl.s:221    .text.icmp_input:00000000 icmp_input
D:\Dev\msys64\tmp\ccFmvJxl.s:581    .text.icmp_input:00000144 $d
D:\Dev\msys64\tmp\ccFmvJxl.s:591    .text.icmp_dest_unreach:00000000 $t
D:\Dev\msys64\tmp\ccFmvJxl.s:598    .text.icmp_dest_unreach:00000000 icmp_dest_unreach
D:\Dev\msys64\tmp\ccFmvJxl.s:625    .text.icmp_time_exceeded:00000000 $t
D:\Dev\msys64\tmp\ccFmvJxl.s:632    .text.icmp_time_exceeded:00000000 icmp_time_exceeded

UNDEFINED SYMBOLS
pbuf_alloc
ip4_route
ip4_output_if
pbuf_free
printf
ip4_addr_isbroadcast_u32
inet_chksum_pbuf
pbuf_add_header
memcpy
pbuf_remove_header
pbuf_copy
ip_data
