ARM GAS  D:\Dev\msys64\tmp\ccC1hJNO.s 			page 1


   1              		.cpu cortex-m7
   2              		.eabi_attribute 27, 1
   3              		.eabi_attribute 28, 1
   4              		.eabi_attribute 20, 1
   5              		.eabi_attribute 21, 1
   6              		.eabi_attribute 23, 3
   7              		.eabi_attribute 24, 1
   8              		.eabi_attribute 25, 1
   9              		.eabi_attribute 26, 1
  10              		.eabi_attribute 30, 1
  11              		.eabi_attribute 34, 1
  12              		.eabi_attribute 18, 4
  13              		.file	"ip.c"
  14              		.text
  15              	.Ltext0:
  16              		.cfi_sections	.debug_frame
  17              		.comm	ip_data,24,4
  18              	.Letext0:
  19              		.file 1 "d:\\dev\\gcc-arm-none-eabi\\9_2019_q4-major\\arm-none-eabi\\include\\machine\\_default_ty
  20              		.file 2 "d:\\dev\\gcc-arm-none-eabi\\9_2019_q4-major\\arm-none-eabi\\include\\sys\\lock.h"
  21              		.file 3 "d:\\dev\\gcc-arm-none-eabi\\9_2019_q4-major\\arm-none-eabi\\include\\sys\\_types.h"
  22              		.file 4 "d:\\dev\\gcc-arm-none-eabi\\9_2019_q4-major\\lib\\gcc\\arm-none-eabi\\9.2.1\\include\\std
  23              		.file 5 "d:\\dev\\gcc-arm-none-eabi\\9_2019_q4-major\\arm-none-eabi\\include\\sys\\reent.h"
  24              		.file 6 "d:\\dev\\gcc-arm-none-eabi\\9_2019_q4-major\\arm-none-eabi\\include\\stdlib.h"
  25              		.file 7 "d:\\dev\\gcc-arm-none-eabi\\9_2019_q4-major\\arm-none-eabi\\include\\sys\\_stdint.h"
  26              		.file 8 "d:\\dev\\gcc-arm-none-eabi\\9_2019_q4-major\\arm-none-eabi\\include\\time.h"
  27              		.file 9 "Middlewares/Third_Party/LwIP/src/include/lwip/arch.h"
  28              		.file 10 "d:\\dev\\gcc-arm-none-eabi\\9_2019_q4-major\\arm-none-eabi\\include\\ctype.h"
  29              		.file 11 "Middlewares/Third_Party/LwIP/src/include/lwip/ip4_addr.h"
  30              		.file 12 "Middlewares/Third_Party/LwIP/src/include/lwip/ip_addr.h"
  31              		.file 13 "Middlewares/Third_Party/LwIP/src/include/lwip/err.h"
  32              		.file 14 "Middlewares/Third_Party/LwIP/src/include/lwip/pbuf.h"
  33              		.file 15 "Middlewares/Third_Party/LwIP/src/include/lwip/priv/memp_priv.h"
  34              		.file 16 "Middlewares/Third_Party/LwIP/src/include/lwip/memp.h"
  35              		.file 17 "Middlewares/Third_Party/LwIP/src/include/lwip/netif.h"
  36              		.file 18 "Middlewares/Third_Party/LwIP/src/include/lwip/prot/ip4.h"
  37              		.file 19 "Middlewares/Third_Party/LwIP/src/include/lwip/ip.h"
  38              		.file 20 "Middlewares/Third_Party/LwIP/src/core/ip.c"
ARM GAS  D:\Dev\msys64\tmp\ccC1hJNO.s 			page 2


DEFINED SYMBOLS
                            *ABS*:00000000 ip.c
                            *COM*:00000018 ip_data

NO UNDEFINED SYMBOLS
