ARM GAS  D:\Dev\msys64\tmp\ccSptk0G.s 			page 1


   1              		.cpu cortex-m7
   2              		.eabi_attribute 27, 1
   3              		.eabi_attribute 28, 1
   4              		.eabi_attribute 20, 1
   5              		.eabi_attribute 21, 1
   6              		.eabi_attribute 23, 3
   7              		.eabi_attribute 24, 1
   8              		.eabi_attribute 25, 1
   9              		.eabi_attribute 26, 1
  10              		.eabi_attribute 30, 1
  11              		.eabi_attribute 34, 1
  12              		.eabi_attribute 18, 4
  13              		.file	"ipcp.c"
  14              		.text
  15              	.Ltext0:
  16              		.cfi_sections	.debug_frame
  17              	.Letext0:
  18              		.file 1 "d:\\dev\\gcc-arm-none-eabi\\9_2019_q4-major\\arm-none-eabi\\include\\sys\\lock.h"
  19              		.file 2 "d:\\dev\\gcc-arm-none-eabi\\9_2019_q4-major\\arm-none-eabi\\include\\sys\\_types.h"
  20              		.file 3 "d:\\dev\\gcc-arm-none-eabi\\9_2019_q4-major\\lib\\gcc\\arm-none-eabi\\9.2.1\\include\\std
  21              		.file 4 "d:\\dev\\gcc-arm-none-eabi\\9_2019_q4-major\\arm-none-eabi\\include\\sys\\reent.h"
  22              		.file 5 "d:\\dev\\gcc-arm-none-eabi\\9_2019_q4-major\\arm-none-eabi\\include\\stdlib.h"
  23              		.file 6 "d:\\dev\\gcc-arm-none-eabi\\9_2019_q4-major\\arm-none-eabi\\include\\time.h"
  24              		.file 7 "d:\\dev\\gcc-arm-none-eabi\\9_2019_q4-major\\arm-none-eabi\\include\\ctype.h"
ARM GAS  D:\Dev\msys64\tmp\ccSptk0G.s 			page 2


DEFINED SYMBOLS
                            *ABS*:00000000 ipcp.c

NO UNDEFINED SYMBOLS
